#
# There is insufficient memory for the Java Runtime Environment to continue.
# Native memory allocation (malloc) failed to allocate 1021216 bytes for Chunk::new
# Possible reasons:
#   The system is out of physical RAM or swap space
#   The process is running with CompressedOops enabled, and the Java Heap may be blocking the growth of the native heap
# Possible solutions:
#   Reduce memory load on the system
#   Increase physical memory or swap space
#   Check if swap backing store is full
#   Decrease Java heap size (-Xmx/-Xms)
#   Decrease number of Java threads
#   Decrease Java thread stack sizes (-Xss)
#   Set larger code cache with -XX:ReservedCodeCacheSize=
#   JVM is running with Unscaled Compressed Oops mode in which the Java heap is
#     placed in the first 4GB address space. The Java Heap base address is the
#     maximum limit for the native heap growth. Please use -XX:HeapBaseMinAddress
#     to set the Java Heap base and to place the Java Heap above 4GB virtual address.
# This output file may be truncated or incomplete.
#
#  Out of Memory Error (allocation.cpp:389), pid=16128, tid=0x0000000000003ad0
#
# JRE version: OpenJDK Runtime Environment (8.0_242-b01) (build 1.8.0_242-release-1644-b01)
# Java VM: OpenJDK 64-Bit Server VM (25.242-b01 mixed mode windows-amd64 compressed oops)
# Failed to write core dump. Minidumps are not enabled by default on client versions of Windows
#

---------------  T H R E A D  ---------------

Current thread (0x0000000016ab6800):  JavaThread "C2 CompilerThread0" daemon [_thread_in_native, id=15056, stack(0x0000000018120000,0x0000000018220000)]

Stack: [0x0000000018120000,0x0000000018220000]
[error occurred during error reporting (printing stack bounds), id 0xc0000005]

Native frames: (J=compiled Java code, j=interpreted, Vv=VM code, C=native code)


Current CompileTask:
C2: 383519 20313 % !   4       com.android.tools.r8.dex.r::c @ 13 (2729 bytes)


---------------  P R O C E S S  ---------------

Java Threads: ( => current thread )
  0x000000001d264000 JavaThread "WorkerExecutor Queue Thread 5" [_thread_blocked, id=19604, stack(0x000000002c4a0000,0x000000002c5a0000)]
  0x0000000019a00800 JavaThread "ForkJoinPool-5-worker-0" daemon [_thread_blocked, id=14936, stack(0x000000002c0a0000,0x000000002c1a0000)]
  0x00000000199fe800 JavaThread "ForkJoinPool-5-worker-3" daemon [_thread_blocked, id=18272, stack(0x000000002bfa0000,0x000000002c0a0000)]
  0x00000000199fd000 JavaThread "ForkJoinPool-5-worker-2" daemon [_thread_blocked, id=21400, stack(0x000000002bea0000,0x000000002bfa0000)]
  0x0000000019a00000 JavaThread "ForkJoinPool-5-worker-1" daemon [_thread_blocked, id=19796, stack(0x000000002bda0000,0x000000002bea0000)]
  0x00000000199fb800 JavaThread "WorkerExecutor Queue Thread 4" [_thread_blocked, id=7708, stack(0x000000002ac10000,0x000000002ad10000)]
  0x00000000199fd800 JavaThread "WorkerExecutor Queue Thread 3" [_thread_blocked, id=8404, stack(0x000000002a890000,0x000000002a990000)]
  0x00000000199fc000 JavaThread "WorkerExecutor Queue Thread 2" [_thread_blocked, id=4604, stack(0x000000002a590000,0x000000002a690000)]
  0x00000000199fa800 JavaThread "WorkerExecutor Queue" [_thread_in_native, id=15984, stack(0x000000002a290000,0x000000002a390000)]
  0x00000000199fa000 JavaThread "Cache worker for execution history cache (F:\MAHESHPATIL\New Android Studio Workspace\Androidchartexample\.gradle\6.5\executionHistory)" [_thread_blocked, id=17256, stack(0x000000002a190000,0x000000002a290000)]
  0x00000000199f2800 JavaThread "Execution worker for ':' Thread 3" [_thread_blocked, id=8408, stack(0x0000000029c00000,0x0000000029d00000)]
  0x00000000199f9000 JavaThread "Execution worker for ':' Thread 2" [_thread_blocked, id=20696, stack(0x00000000296a0000,0x00000000297a0000)]
  0x00000000199f8800 JavaThread "Execution worker for ':'" [_thread_blocked, id=16060, stack(0x0000000028f50000,0x0000000029050000)]
  0x00000000199f7000 JavaThread "Cache worker for file content cache (F:\MAHESHPATIL\New Android Studio Workspace\Androidchartexample\.gradle\6.5\fileContent)" [_thread_blocked, id=8116, stack(0x0000000028990000,0x0000000028a90000)]
  0x00000000199f5800 JavaThread "pool-4-thread-1" [_thread_blocked, id=8000, stack(0x0000000028690000,0x0000000028790000)]
  0x00000000199f6000 JavaThread "Cache worker for Build Output Cleanup Cache (F:\MAHESHPATIL\New Android Studio Workspace\Androidchartexample\.gradle\buildOutputCleanup)" [_thread_blocked, id=8576, stack(0x0000000028390000,0x0000000028490000)]
  0x00000000199f7800 JavaThread "jar transforms Thread 184" [_thread_blocked, id=18348, stack(0x0000000028290000,0x0000000028390000)]
  0x00000000199f1800 JavaThread "jar transforms Thread 183" [_thread_blocked, id=13044, stack(0x0000000028190000,0x0000000028290000)]
  0x000000001d1b2000 JavaThread "jar transforms Thread 182" [_thread_blocked, id=18296, stack(0x0000000028090000,0x0000000028190000)]
  0x000000001d1b1000 JavaThread "jar transforms Thread 181" [_thread_blocked, id=10152, stack(0x0000000027f90000,0x0000000028090000)]
  0x000000001d1a9800 JavaThread "jar transforms Thread 180" [_thread_blocked, id=9272, stack(0x0000000027e90000,0x0000000027f90000)]
  0x000000001d1b0800 JavaThread "jar transforms Thread 179" [_thread_blocked, id=6504, stack(0x0000000027d90000,0x0000000027e90000)]
  0x000000001d1af800 JavaThread "jar transforms Thread 178" [_thread_blocked, id=20860, stack(0x0000000027c90000,0x0000000027d90000)]
  0x000000001d1a8000 JavaThread "jar transforms Thread 177" [_thread_blocked, id=11524, stack(0x0000000027b90000,0x0000000027c90000)]
  0x000000001d1af000 JavaThread "jar transforms Thread 176" [_thread_blocked, id=11076, stack(0x0000000027a90000,0x0000000027b90000)]
  0x000000001d1ae000 JavaThread "jar transforms Thread 175" [_thread_blocked, id=20044, stack(0x0000000027990000,0x0000000027a90000)]
  0x000000001d1aa800 JavaThread "jar transforms Thread 174" [_thread_blocked, id=13712, stack(0x0000000027890000,0x0000000027990000)]
  0x000000001d1a6800 JavaThread "jar transforms Thread 173" [_thread_blocked, id=6540, stack(0x0000000027790000,0x0000000027890000)]
  0x000000001d1ac000 JavaThread "jar transforms Thread 172" [_thread_blocked, id=7428, stack(0x0000000027690000,0x0000000027790000)]
  0x000000001d1ad800 JavaThread "jar transforms Thread 171" [_thread_blocked, id=20364, stack(0x0000000027590000,0x0000000027690000)]
  0x000000001d1ac800 JavaThread "jar transforms Thread 170" [_thread_blocked, id=11344, stack(0x0000000027490000,0x0000000027590000)]
  0x000000001d1a6000 JavaThread "jar transforms Thread 169" [_thread_blocked, id=16468, stack(0x0000000027390000,0x0000000027490000)]
  0x000000001d1ab000 JavaThread "jar transforms Thread 168" [_thread_blocked, id=13880, stack(0x0000000027290000,0x0000000027390000)]
  0x000000001d1a3000 JavaThread "jar transforms Thread 167" [_thread_blocked, id=16280, stack(0x0000000027190000,0x0000000027290000)]
  0x000000001d1a5000 JavaThread "jar transforms Thread 166" [_thread_blocked, id=3300, stack(0x0000000027090000,0x0000000027190000)]
  0x000000001d1a7800 JavaThread "jar transforms Thread 165" [_thread_blocked, id=17792, stack(0x0000000026f90000,0x0000000027090000)]
  0x000000001d1a4800 JavaThread "jar transforms Thread 164" [_thread_blocked, id=12492, stack(0x0000000026e90000,0x0000000026f90000)]
  0x000000001d1a3800 JavaThread "jar transforms Thread 163" [_thread_blocked, id=13576, stack(0x0000000026d90000,0x0000000026e90000)]
  0x000000001d1a9000 JavaThread "jar transforms Thread 162" [_thread_blocked, id=20760, stack(0x0000000026c90000,0x0000000026d90000)]
  0x0000000019bcf800 JavaThread "jar transforms Thread 161" [_thread_blocked, id=17996, stack(0x0000000026b90000,0x0000000026c90000)]
  0x0000000019bcc800 JavaThread "jar transforms Thread 160" [_thread_blocked, id=14900, stack(0x0000000026a90000,0x0000000026b90000)]
  0x0000000019bce000 JavaThread "jar transforms Thread 159" [_thread_blocked, id=1836, stack(0x0000000026990000,0x0000000026a90000)]
  0x0000000019bce800 JavaThread "jar transforms Thread 158" [_thread_blocked, id=13348, stack(0x0000000026890000,0x0000000026990000)]
  0x0000000019bcb000 JavaThread "jar transforms Thread 157" [_thread_blocked, id=15328, stack(0x0000000026790000,0x0000000026890000)]
  0x0000000019bca000 JavaThread "jar transforms Thread 156" [_thread_blocked, id=16272, stack(0x0000000026690000,0x0000000026790000)]
  0x0000000019bd0000 JavaThread "jar transforms Thread 155" [_thread_blocked, id=14780, stack(0x0000000026590000,0x0000000026690000)]
  0x0000000019bcb800 JavaThread "jar transforms Thread 154" [_thread_blocked, id=17556, stack(0x0000000026490000,0x0000000026590000)]
  0x0000000019bcd000 JavaThread "jar transforms Thread 153" [_thread_blocked, id=20864, stack(0x0000000026390000,0x0000000026490000)]
  0x0000000019bc2800 JavaThread "jar transforms Thread 152" [_thread_blocked, id=2364, stack(0x0000000026290000,0x0000000026390000)]
  0x0000000019bc9800 JavaThread "jar transforms Thread 151" [_thread_blocked, id=17424, stack(0x0000000026190000,0x0000000026290000)]
  0x0000000019bc5800 JavaThread "jar transforms Thread 150" [_thread_blocked, id=6864, stack(0x0000000026090000,0x0000000026190000)]
  0x0000000019bc5000 JavaThread "jar transforms Thread 149" [_thread_blocked, id=21196, stack(0x0000000025f90000,0x0000000026090000)]
  0x0000000019bc3800 JavaThread "jar transforms Thread 148" [_thread_blocked, id=21284, stack(0x0000000025e90000,0x0000000025f90000)]
  0x0000000019bc8800 JavaThread "jar transforms Thread 147" [_thread_blocked, id=15060, stack(0x0000000025d90000,0x0000000025e90000)]
  0x0000000019bc1000 JavaThread "jar transforms Thread 146" [_thread_blocked, id=11844, stack(0x0000000025c90000,0x0000000025d90000)]
  0x0000000019bc7000 JavaThread "jar transforms Thread 145" [_thread_blocked, id=17532, stack(0x0000000025b90000,0x0000000025c90000)]
  0x0000000019bc2000 JavaThread "jar transforms Thread 144" [_thread_blocked, id=15132, stack(0x0000000025a90000,0x0000000025b90000)]
  0x0000000019bc4000 JavaThread "jar transforms Thread 143" [_thread_blocked, id=2784, stack(0x0000000025990000,0x0000000025a90000)]
  0x0000000019bc8000 JavaThread "jar transforms Thread 142" [_thread_blocked, id=20304, stack(0x0000000025890000,0x0000000025990000)]
  0x0000000019bc6800 JavaThread "jar transforms Thread 141" [_thread_blocked, id=20152, stack(0x0000000025790000,0x0000000025890000)]
  0x0000000016ac5000 JavaThread "jar transforms Thread 140" [_thread_blocked, id=17068, stack(0x0000000025690000,0x0000000025790000)]
  0x0000000016acb800 JavaThread "jar transforms Thread 139" [_thread_blocked, id=6496, stack(0x0000000025590000,0x0000000025690000)]
  0x0000000016acb000 JavaThread "jar transforms Thread 138" [_thread_blocked, id=2848, stack(0x0000000025490000,0x0000000025590000)]
  0x0000000016ac6800 JavaThread "jar transforms Thread 137" [_thread_blocked, id=12188, stack(0x0000000025390000,0x0000000025490000)]
  0x0000000016ac8000 JavaThread "jar transforms Thread 136" [_thread_blocked, id=6136, stack(0x0000000025290000,0x0000000025390000)]
  0x000000001d270800 JavaThread "jar transforms Thread 135" [_thread_blocked, id=21408, stack(0x0000000025190000,0x0000000025290000)]
  0x000000001d270000 JavaThread "jar transforms Thread 134" [_thread_blocked, id=2924, stack(0x0000000025090000,0x0000000025190000)]
  0x000000001d267000 JavaThread "jar transforms Thread 133" [_thread_blocked, id=20356, stack(0x0000000024f90000,0x0000000025090000)]
  0x000000001d26d800 JavaThread "jar transforms Thread 132" [_thread_blocked, id=15076, stack(0x0000000024e90000,0x0000000024f90000)]
  0x000000001d266000 JavaThread "jar transforms Thread 131" [_thread_blocked, id=2700, stack(0x0000000024d90000,0x0000000024e90000)]
  0x000000001d26b800 JavaThread "jar transforms Thread 130" [_thread_blocked, id=17440, stack(0x0000000024c90000,0x0000000024d90000)]
  0x000000001d26d000 JavaThread "jar transforms Thread 129" [_thread_blocked, id=15300, stack(0x0000000024b90000,0x0000000024c90000)]
  0x000000001d26a800 JavaThread "jar transforms Thread 128" [_thread_blocked, id=16544, stack(0x0000000024a90000,0x0000000024b90000)]
  0x000000001d3ea800 JavaThread "jar transforms Thread 127" [_thread_blocked, id=18416, stack(0x0000000024990000,0x0000000024a90000)]
  0x000000001d3e9800 JavaThread "jar transforms Thread 126" [_thread_blocked, id=16028, stack(0x0000000024890000,0x0000000024990000)]
  0x000000001d3ec800 JavaThread "jar transforms Thread 125" [_thread_blocked, id=19228, stack(0x0000000024790000,0x0000000024890000)]
  0x000000001d3ec000 JavaThread "jar transforms Thread 124" [_thread_blocked, id=12896, stack(0x0000000024690000,0x0000000024790000)]
  0x000000001d3e9000 JavaThread "jar transforms Thread 123" [_thread_blocked, id=14600, stack(0x0000000024590000,0x0000000024690000)]
  0x000000001d3ee000 JavaThread "jar transforms Thread 122" [_thread_blocked, id=19656, stack(0x0000000024490000,0x0000000024590000)]
  0x000000001d3ed800 JavaThread "jar transforms Thread 121" [_thread_blocked, id=15104, stack(0x0000000024390000,0x0000000024490000)]
  0x000000001d3e1800 JavaThread "jar transforms Thread 120" [_thread_blocked, id=19060, stack(0x0000000024290000,0x0000000024390000)]
  0x000000001d3e8000 JavaThread "jar transforms Thread 119" [_thread_blocked, id=17500, stack(0x0000000024190000,0x0000000024290000)]
  0x000000001d3e0000 JavaThread "jar transforms Thread 118" [_thread_blocked, id=1308, stack(0x0000000024090000,0x0000000024190000)]
  0x000000001d3e6800 JavaThread "jar transforms Thread 117" [_thread_blocked, id=17468, stack(0x0000000023f90000,0x0000000024090000)]
  0x000000001d3e6000 JavaThread "jar transforms Thread 116" [_thread_blocked, id=19308, stack(0x0000000023e90000,0x0000000023f90000)]
  0x000000001d3e4800 JavaThread "jar transforms Thread 115" [_thread_blocked, id=13456, stack(0x0000000023d90000,0x0000000023e90000)]
  0x000000001d3e3800 JavaThread "jar transforms Thread 114" [_thread_blocked, id=8240, stack(0x0000000023c90000,0x0000000023d90000)]
  0x000000001d3e3000 JavaThread "jar transforms Thread 113" [_thread_blocked, id=15304, stack(0x0000000023b90000,0x0000000023c90000)]
  0x000000001b0ff000 JavaThread "jar transforms Thread 112" [_thread_blocked, id=11152, stack(0x0000000023a90000,0x0000000023b90000)]
  0x000000001b0fe000 JavaThread "jar transforms Thread 111" [_thread_blocked, id=8816, stack(0x0000000023990000,0x0000000023a90000)]
  0x000000001b100800 JavaThread "jar transforms Thread 110" [_thread_blocked, id=19932, stack(0x0000000023890000,0x0000000023990000)]
  0x000000001b0ff800 JavaThread "jar transforms Thread 109" [_thread_blocked, id=14036, stack(0x0000000023790000,0x0000000023890000)]
  0x000000001b0fd800 JavaThread "jar transforms Thread 108" [_thread_blocked, id=7060, stack(0x0000000023690000,0x0000000023790000)]
  0x000000001b0f6000 JavaThread "jar transforms Thread 107" [_thread_blocked, id=14420, stack(0x0000000023590000,0x0000000023690000)]
  0x000000001b0fc800 JavaThread "jar transforms Thread 106" [_thread_blocked, id=19068, stack(0x0000000023490000,0x0000000023590000)]
  0x000000001b0f5000 JavaThread "jar transforms Thread 105" [_thread_blocked, id=21144, stack(0x0000000023390000,0x0000000023490000)]
  0x000000001b0fc000 JavaThread "jar transforms Thread 104" [_thread_blocked, id=13764, stack(0x0000000023290000,0x0000000023390000)]
  0x000000001b0fb000 JavaThread "jar transforms Thread 103" [_thread_blocked, id=10940, stack(0x0000000023190000,0x0000000023290000)]
  0x000000001b0f6800 JavaThread "jar transforms Thread 102" [_thread_blocked, id=19268, stack(0x0000000023090000,0x0000000023190000)]
  0x000000001b0fa800 JavaThread "jar transforms Thread 101" [_thread_blocked, id=14416, stack(0x0000000022f90000,0x0000000023090000)]
  0x000000001b0f9800 JavaThread "jar transforms Thread 100" [_thread_blocked, id=16696, stack(0x0000000022e90000,0x0000000022f90000)]
  0x000000001b0f7800 JavaThread "jar transforms Thread 99" [_thread_blocked, id=14076, stack(0x0000000022d90000,0x0000000022e90000)]
  0x000000001b0f4800 JavaThread "jar transforms Thread 98" [_thread_blocked, id=1796, stack(0x0000000022c90000,0x0000000022d90000)]
  0x000000001b0f9000 JavaThread "jar transforms Thread 97" [_thread_blocked, id=21140, stack(0x0000000022b90000,0x0000000022c90000)]
  0x000000001b139800 JavaThread "jar transforms Thread 96" [_thread_blocked, id=14648, stack(0x0000000022a90000,0x0000000022b90000)]
  0x000000001b13a800 JavaThread "jar transforms Thread 95" [_thread_blocked, id=21496, stack(0x0000000022990000,0x0000000022a90000)]
  0x000000001b138000 JavaThread "jar transforms Thread 94" [_thread_blocked, id=19948, stack(0x0000000022890000,0x0000000022990000)]
  0x000000001b130000 JavaThread "jar transforms Thread 93" [_thread_blocked, id=9608, stack(0x0000000022790000,0x0000000022890000)]
  0x000000001b136800 JavaThread "Build operations Thread 4" [_thread_blocked, id=7448, stack(0x0000000022690000,0x0000000022790000)]
  0x000000001b133800 JavaThread "Build operations Thread 3" [_thread_blocked, id=18012, stack(0x0000000022590000,0x0000000022690000)]
  0x000000001b136000 JavaThread "Build operations Thread 2" [_thread_blocked, id=7740, stack(0x000000001f970000,0x000000001fa70000)]
  0x000000001b135000 JavaThread "Build operations" [_thread_blocked, id=14596, stack(0x000000001f4e0000,0x000000001f5e0000)]
  0x000000001b133000 JavaThread "Cache worker for cache directory md-rule (C:\Users\List\.gradle\caches\6.5\md-rule)" [_thread_blocked, id=20836, stack(0x000000001f3e0000,0x000000001f4e0000)]
  0x000000001b132000 JavaThread "Cache worker for cache directory md-supplier (C:\Users\List\.gradle\caches\6.5\md-supplier)" [_thread_blocked, id=19908, stack(0x000000001f2e0000,0x000000001f3e0000)]
  0x000000001b12d800 JavaThread "Cache worker for checksums cache (F:\MAHESHPATIL\New Android Studio Workspace\Androidchartexample\.gradle\checksums)" [_thread_blocked, id=12284, stack(0x000000001f1e0000,0x000000001f2e0000)]
  0x000000001b12f000 JavaThread "Cache worker for file hash cache (F:\MAHESHPATIL\New Android Studio Workspace\Androidchartexample\.gradle\6.5\fileHashes)" [_thread_blocked, id=8528, stack(0x000000001c540000,0x000000001c640000)]
  0x000000001b131800 JavaThread "Thread-135" [_thread_blocked, id=10004, stack(0x000000001c440000,0x000000001c540000)]
  0x000000001b134800 JavaThread "Stdin handler" [_thread_blocked, id=17176, stack(0x000000001c340000,0x000000001c440000)]
  0x000000001b12e800 JavaThread "Asynchronous log dispatcher for DefaultDaemonConnection: socket connection from /127.0.0.1:61641 to /127.0.0.1:64967" [_thread_blocked, id=1124, stack(0x000000001c240000,0x000000001c340000)]
  0x000000001b12d000 JavaThread "Daemon worker Thread 2" [_thread_blocked, id=19188, stack(0x000000001c140000,0x000000001c240000)]
  0x000000001b12c000 JavaThread "Cancel handler" [_thread_blocked, id=17932, stack(0x000000001be40000,0x000000001bf40000)]
  0x000000001b12b800 JavaThread "Handler for socket connection from /127.0.0.1:61641 to /127.0.0.1:64967" [_thread_in_native, id=12952, stack(0x000000001bd40000,0x000000001be40000)]
  0x000000001b130800 JavaThread "Daemon Thread 2" [_thread_blocked, id=19104, stack(0x00000000015b0000,0x00000000016b0000)]
  0x000000001d265800 JavaThread "Cache worker for Java compile cache (C:\Users\List\.gradle\caches\6.5\javaCompile)" [_thread_blocked, id=20636, stack(0x000000002c3a0000,0x000000002c4a0000)]
  0x000000001b139000 JavaThread "Memory manager" [_thread_blocked, id=18780, stack(0x0000000029830000,0x0000000029930000)]
  0x0000000016ac9800 JavaThread "Cache worker for file content cache (C:\Users\List\.gradle\caches\6.5\fileContent)" [_thread_blocked, id=20184, stack(0x0000000020ec0000,0x0000000020fc0000)]
  0x0000000016ac7000 JavaThread "Cache worker for execution history cache (C:\Users\List\.gradle\caches\6.5\executionHistory)" [_thread_blocked, id=13820, stack(0x000000001f670000,0x000000001f770000)]
  0x0000000016aca000 JavaThread "Cache worker for file hash cache (C:\Users\List\.gradle\caches\6.5\fileHashes)" [_thread_blocked, id=2368, stack(0x000000001cb40000,0x000000001cc40000)]
  0x0000000016ac8800 JavaThread "File lock request listener" [_thread_in_native, id=17496, stack(0x000000001ca40000,0x000000001cb40000)]
  0x000000001a87d000 JavaThread "Cache worker for journal cache (C:\Users\List\.gradle\caches\journal-1)" [_thread_blocked, id=17960, stack(0x000000001c840000,0x000000001c940000)]
  0x000000001a572800 JavaThread "Daemon periodic checks" [_thread_blocked, id=2720, stack(0x000000001bc40000,0x000000001bd40000)]
  0x000000001a523000 JavaThread "Incoming local TCP Connector on port 61641" [_thread_in_native, id=18488, stack(0x000000001ba00000,0x000000001bb00000)]
  0x000000001a4d5800 JavaThread "Daemon health stats" [_thread_blocked, id=10640, stack(0x000000001b3c0000,0x000000001b4c0000)]
  0x0000000018452800 JavaThread "Service Thread" daemon [_thread_blocked, id=18712, stack(0x0000000018820000,0x0000000018920000)]
  0x0000000016ac5800 JavaThread "C1 CompilerThread2" daemon [_thread_blocked, id=540, stack(0x0000000018320000,0x0000000018420000)]
  0x0000000016abf800 JavaThread "C2 CompilerThread1" daemon [_thread_in_native, id=20324, stack(0x0000000018220000,0x0000000018320000)]
=>0x0000000016ab6800 JavaThread "C2 CompilerThread0" daemon [_thread_in_native, id=15056, stack(0x0000000018120000,0x0000000018220000)]
  0x0000000016ab5000 JavaThread "Attach Listener" daemon [_thread_blocked, id=9812, stack(0x0000000018020000,0x0000000018120000)]
  0x0000000016ab3800 JavaThread "Signal Dispatcher" daemon [_thread_blocked, id=20740, stack(0x0000000017f20000,0x0000000018020000)]
  0x000000000313b800 JavaThread "Finalizer" daemon [_thread_blocked, id=17456, stack(0x0000000017d20000,0x0000000017e20000)]
  0x0000000016a99000 JavaThread "Reference Handler" daemon [_thread_blocked, id=20036, stack(0x0000000017c20000,0x0000000017d20000)]
  0x0000000003042800 JavaThread "main" [_thread_blocked, id=21044, stack(0x0000000002f40000,0x0000000003040000)]

Other Threads:
  0x0000000016a77000 VMThread [stack: 0x0000000017b20000,0x0000000017c20000] [id=10392]
  0x0000000018453000 WatcherThread [stack: 0x0000000018920000,0x0000000018a20000] [id=19832]

VM state:not at safepoint (normal execution)

VM Mutex/Monitor currently owned by a thread: None

OutOfMemory and StackOverflow Exception counts:
OutOfMemoryError java_heap_errors=1

heap address: 0x00000000a0000000, size: 1536 MB, Compressed Oops mode: 32-bit
Narrow klass base: 0x0000000000000000, Narrow klass shift: 3
Compressed class space size: 1073741824 Address: 0x0000000100000000

Heap:
 PSYoungGen      total 499712K, used 195461K [0x00000000e0000000, 0x0000000100000000, 0x0000000100000000)
  eden space 474624K, 39% used [0x00000000e0000000,0x00000000eb61e748,0x00000000fcf80000)
  from space 25088K, 35% used [0x00000000fe780000,0x00000000ff042e90,0x0000000100000000)
  to   space 24576K, 0% used [0x00000000fcf80000,0x00000000fcf80000,0x00000000fe780000)
 ParOldGen       total 162816K, used 49918K [0x00000000a0000000, 0x00000000a9f00000, 0x00000000e0000000)
  object space 162816K, 30% used [0x00000000a0000000,0x00000000a30bf988,0x00000000a9f00000)
 Metaspace       used 95707K, capacity 100694K, committed 101800K, reserved 1136640K
  class space    used 12416K, capacity 13381K, committed 13744K, reserved 1048576K

Card table byte_map: [0x0000000012500000,0x0000000012810000] byte_map_base: 0x0000000012000000

Marking Bits: (ParMarkBitMap*) 0x0000000074e8f030
 Begin Bits: [0x0000000012e10000, 0x0000000014610000)
 End Bits:   [0x0000000014610000, 0x0000000015e10000)

Polling page: 0x0000000001210000

CodeCache: size=245760Kb used=57503Kb max_used=58121Kb free=188256Kb
 bounds [0x0000000003140000, 0x0000000006a70000, 0x0000000012140000]
 total_blobs=17485 nmethods=16604 adapters=790
 compilation: enabled

Compilation events (10 events):
Event: 383.435 Thread 0x0000000016ac5800 20347       2       com.android.tools.r8.graph.l0$e::a (12 bytes)
Event: 383.436 Thread 0x0000000016ac5800 nmethod 20347 0x0000000006242590 code [0x0000000006242700, 0x00000000062428f8]
Event: 383.436 Thread 0x0000000016ac5800 20348       2       com.android.tools.r8.graph.l0$k::a (38 bytes)
Event: 383.437 Thread 0x0000000016ac5800 nmethod 20348 0x0000000004355810 code [0x00000000043559e0, 0x0000000004355dc8]
Event: 383.437 Thread 0x0000000016ac5800 20349       2       com.android.tools.r8.utils.X::a (14 bytes)
Event: 383.437 Thread 0x0000000016ac5800 nmethod 20349 0x0000000003cb4810 code [0x0000000003cb4960, 0x0000000003cb4b08]
Event: 383.448 Thread 0x0000000016ac5800 20350 %     3       com.android.tools.r8.dex.r::a @ 7 (62 bytes)
Event: 383.449 Thread 0x0000000016ac5800 nmethod 20350% 0x0000000003be1f10 code [0x0000000003be2160, 0x0000000003be2db8]
Event: 383.453 Thread 0x0000000016ac5800 20351       3       com.android.tools.r8.dex.r::a (62 bytes)
Event: 383.453 Thread 0x0000000016ac5800 nmethod 20351 0x0000000004958b50 code [0x0000000004958da0, 0x0000000004959938]

GC Heap History (10 events):
Event: 60.502 GC heap before
{Heap before GC invocations=30 (full 3):
 PSYoungGen      total 496640K, used 59298K [0x00000000e0000000, 0x00000000ffd00000, 0x0000000100000000)
  eden space 474112K, 9% used [0x00000000e0000000,0x00000000e2d3df88,0x00000000fcf00000)
  from space 22528K, 57% used [0x00000000fe700000,0x00000000ff3aac48,0x00000000ffd00000)
  to   space 23552K, 0% used [0x00000000fcf00000,0x00000000fcf00000,0x00000000fe600000)
 ParOldGen       total 116736K, used 64400K [0x00000000a0000000, 0x00000000a7200000, 0x00000000e0000000)
  object space 116736K, 55% used [0x00000000a0000000,0x00000000a3ee4180,0x00000000a7200000)
 Metaspace       used 92994K, capacity 98438K, committed 98600K, reserved 1134592K
  class space    used 12403K, capacity 13497K, committed 13616K, reserved 1048576K
Event: 60.516 GC heap after
Heap after GC invocations=30 (full 3):
 PSYoungGen      total 497664K, used 4015K [0x00000000e0000000, 0x0000000100000000, 0x0000000100000000)
  eden space 474112K, 0% used [0x00000000e0000000,0x00000000e0000000,0x00000000fcf00000)
  from space 23552K, 17% used [0x00000000fcf00000,0x00000000fd2ebec8,0x00000000fe600000)
  to   space 24064K, 0% used [0x00000000fe880000,0x00000000fe880000,0x0000000100000000)
 ParOldGen       total 116736K, used 64408K [0x00000000a0000000, 0x00000000a7200000, 0x00000000e0000000)
  object space 116736K, 55% used [0x00000000a0000000,0x00000000a3ee6180,0x00000000a7200000)
 Metaspace       used 92994K, capacity 98438K, committed 98600K, reserved 1134592K
  class space    used 12403K, capacity 13497K, committed 13616K, reserved 1048576K
}
Event: 60.516 GC heap before
{Heap before GC invocations=31 (full 4):
 PSYoungGen      total 497664K, used 4015K [0x00000000e0000000, 0x0000000100000000, 0x0000000100000000)
  eden space 474112K, 0% used [0x00000000e0000000,0x00000000e0000000,0x00000000fcf00000)
  from space 23552K, 17% used [0x00000000fcf00000,0x00000000fd2ebec8,0x00000000fe600000)
  to   space 24064K, 0% used [0x00000000fe880000,0x00000000fe880000,0x0000000100000000)
 ParOldGen       total 116736K, used 64408K [0x00000000a0000000, 0x00000000a7200000, 0x00000000e0000000)
  object space 116736K, 55% used [0x00000000a0000000,0x00000000a3ee6180,0x00000000a7200000)
 Metaspace       used 92994K, capacity 98438K, committed 98600K, reserved 1134592K
  class space    used 12403K, capacity 13497K, committed 13616K, reserved 1048576K
Event: 60.812 GC heap after
Heap after GC invocations=31 (full 4):
 PSYoungGen      total 497664K, used 0K [0x00000000e0000000, 0x0000000100000000, 0x0000000100000000)
  eden space 474112K, 0% used [0x00000000e0000000,0x00000000e0000000,0x00000000fcf00000)
  from space 23552K, 0% used [0x00000000fcf00000,0x00000000fcf00000,0x00000000fe600000)
  to   space 24064K, 0% used [0x00000000fe880000,0x00000000fe880000,0x0000000100000000)
 ParOldGen       total 162816K, used 49902K [0x00000000a0000000, 0x00000000a9f00000, 0x00000000e0000000)
  object space 162816K, 30% used [0x00000000a0000000,0x00000000a30bb988,0x00000000a9f00000)
 Metaspace       used 92469K, capacity 97272K, committed 98600K, reserved 1134592K
  class space    used 12214K, capacity 13158K, committed 13616K, reserved 1048576K
}
Event: 375.697 GC heap before
{Heap before GC invocations=32 (full 4):
 PSYoungGen      total 497664K, used 474112K [0x00000000e0000000, 0x0000000100000000, 0x0000000100000000)
  eden space 474112K, 100% used [0x00000000e0000000,0x00000000fcf00000,0x00000000fcf00000)
  from space 23552K, 0% used [0x00000000fcf00000,0x00000000fcf00000,0x00000000fe600000)
  to   space 24064K, 0% used [0x00000000fe880000,0x00000000fe880000,0x0000000100000000)
 ParOldGen       total 162816K, used 49902K [0x00000000a0000000, 0x00000000a9f00000, 0x00000000e0000000)
  object space 162816K, 30% used [0x00000000a0000000,0x00000000a30bb988,0x00000000a9f00000)
 Metaspace       used 95513K, capacity 100446K, committed 101544K, reserved 1136640K
  class space    used 12407K, capacity 13373K, committed 13744K, reserved 1048576K
Event: 375.739 GC heap after
Heap after GC invocations=32 (full 4):
 PSYoungGen      total 499200K, used 16582K [0x00000000e0000000, 0x0000000100000000, 0x0000000100000000)
  eden space 475136K, 0% used [0x00000000e0000000,0x00000000e0000000,0x00000000fd000000)
  from space 24064K, 68% used [0x00000000fe880000,0x00000000ff8b1948,0x0000000100000000)
  to   space 24576K, 0% used [0x00000000fd000000,0x00000000fd000000,0x00000000fe800000)
 ParOldGen       total 162816K, used 49910K [0x00000000a0000000, 0x00000000a9f00000, 0x00000000e0000000)
  object space 162816K, 30% used [0x00000000a0000000,0x00000000a30bd988,0x00000000a9f00000)
 Metaspace       used 95513K, capacity 100446K, committed 101544K, reserved 1136640K
  class space    used 12407K, capacity 13373K, committed 13744K, reserved 1048576K
}
Event: 378.999 GC heap before
{Heap before GC invocations=33 (full 4):
 PSYoungGen      total 499200K, used 491718K [0x00000000e0000000, 0x0000000100000000, 0x0000000100000000)
  eden space 475136K, 100% used [0x00000000e0000000,0x00000000fd000000,0x00000000fd000000)
  from space 24064K, 68% used [0x00000000fe880000,0x00000000ff8b1948,0x0000000100000000)
  to   space 24576K, 0% used [0x00000000fd000000,0x00000000fd000000,0x00000000fe800000)
 ParOldGen       total 162816K, used 49910K [0x00000000a0000000, 0x00000000a9f00000, 0x00000000e0000000)
  object space 162816K, 30% used [0x00000000a0000000,0x00000000a30bd988,0x00000000a9f00000)
 Metaspace       used 95552K, capacity 100446K, committed 101544K, reserved 1136640K
  class space    used 12407K, capacity 13373K, committed 13744K, reserved 1048576K
Event: 379.036 GC heap after
Heap after GC invocations=33 (full 4):
 PSYoungGen      total 492032K, used 16798K [0x00000000e0000000, 0x0000000100000000, 0x0000000100000000)
  eden space 475136K, 0% used [0x00000000e0000000,0x00000000e0000000,0x00000000fd000000)
  from space 16896K, 99% used [0x00000000fd000000,0x00000000fe0678e8,0x00000000fe080000)
  to   space 25088K, 0% used [0x00000000fe780000,0x00000000fe780000,0x0000000100000000)
 ParOldGen       total 162816K, used 49910K [0x00000000a0000000, 0x00000000a9f00000, 0x00000000e0000000)
  object space 162816K, 30% used [0x00000000a0000000,0x00000000a30bd988,0x00000000a9f00000)
 Metaspace       used 95552K, capacity 100446K, committed 101544K, reserved 1136640K
  class space    used 12407K, capacity 13373K, committed 13744K, reserved 1048576K
}
Event: 381.646 GC heap before
{Heap before GC invocations=34 (full 4):
 PSYoungGen      total 492032K, used 491934K [0x00000000e0000000, 0x0000000100000000, 0x0000000100000000)
  eden space 475136K, 100% used [0x00000000e0000000,0x00000000fd000000,0x00000000fd000000)
  from space 16896K, 99% used [0x00000000fd000000,0x00000000fe0678e8,0x00000000fe080000)
  to   space 25088K, 0% used [0x00000000fe780000,0x00000000fe780000,0x0000000100000000)
 ParOldGen       total 162816K, used 49910K [0x00000000a0000000, 0x00000000a9f00000, 0x00000000e0000000)
  object space 162816K, 30% used [0x00000000a0000000,0x00000000a30bd988,0x00000000a9f00000)
 Metaspace       used 95596K, capacity 100510K, committed 101544K, reserved 1136640K
  class space    used 12408K, capacity 13373K, committed 13744K, reserved 1048576K
Event: 381.664 GC heap after
Heap after GC invocations=34 (full 4):
 PSYoungGen      total 499712K, used 8971K [0x00000000e0000000, 0x0000000100000000, 0x0000000100000000)
  eden space 474624K, 0% used [0x00000000e0000000,0x00000000e0000000,0x00000000fcf80000)
  from space 25088K, 35% used [0x00000000fe780000,0x00000000ff042e90,0x0000000100000000)
  to   space 24576K, 0% used [0x00000000fcf80000,0x00000000fcf80000,0x00000000fe780000)
 ParOldGen       total 162816K, used 49918K [0x00000000a0000000, 0x00000000a9f00000, 0x00000000e0000000)
  object space 162816K, 30% used [0x00000000a0000000,0x00000000a30bf988,0x00000000a9f00000)
 Metaspace       used 95596K, capacity 100510K, committed 101544K, reserved 1136640K
  class space    used 12408K, capacity 13373K, committed 13744K, reserved 1048576K
}

Deoptimization events (10 events):
Event: 383.256 Thread 0x00000000199fc000 Uncommon trap: reason=class_check action=maybe_recompile pc=0x0000000003731ec0 method=java.lang.Throwable.<init>(Ljava/lang/String;Ljava/lang/Throwable;)V @ 24
Event: 383.256 Thread 0x00000000199fc000 Uncommon trap: reason=unstable_if action=reinterpret pc=0x000000000686562c method=org.gradle.internal.operations.DefaultBuildOperationExecutor$3.stop()V @ 61
Event: 383.257 Thread 0x000000001d26a000 Uncommon trap: reason=unstable_if action=reinterpret pc=0x0000000004e7421c method=java.util.concurrent.locks.AbstractQueuedSynchronizer$ConditionObject.checkInterruptWhileWaiting(Ljava/util/concurrent/locks/AbstractQueuedSynchronizer$Node;)I @ 3
Event: 383.257 Thread 0x000000001b12d000 Uncommon trap: reason=class_check action=maybe_recompile pc=0x0000000003731ec0 method=java.lang.Throwable.<init>(Ljava/lang/String;Ljava/lang/Throwable;)V @ 24
Event: 383.262 Thread 0x000000001b12d000 Uncommon trap: reason=unstable_if action=reinterpret pc=0x000000000686562c method=org.gradle.internal.operations.DefaultBuildOperationExecutor$3.stop()V @ 61
Event: 383.267 Thread 0x000000001b12d000 Uncommon trap: reason=unstable_if action=reinterpret pc=0x000000000686562c method=org.gradle.internal.operations.DefaultBuildOperationExecutor$3.stop()V @ 61
Event: 383.406 Thread 0x000000001b12d000 Uncommon trap: reason=class_check action=maybe_recompile pc=0x00000000067b1bd0 method=java.util.Formatter$FixedString.print(Ljava/lang/Object;Ljava/util/Locale;)V @ 11
Event: 383.406 Thread 0x000000001b12d000 Uncommon trap: reason=class_check action=maybe_recompile pc=0x00000000067b1bd0 method=java.util.Formatter$FixedString.print(Ljava/lang/Object;Ljava/util/Locale;)V @ 11
Event: 383.414 Thread 0x000000001b12d000 Uncommon trap: reason=class_check action=maybe_recompile pc=0x00000000067b1bd0 method=java.util.Formatter$FixedString.print(Ljava/lang/Object;Ljava/util/Locale;)V @ 11
Event: 383.414 Thread 0x000000001b12d000 Uncommon trap: reason=class_check action=maybe_recompile pc=0x00000000067b1bd0 method=java.util.Formatter$FixedString.print(Ljava/lang/Object;Ljava/util/Locale;)V @ 11

Classes redefined (0 events):
No events

Internal exceptions (10 events):
Event: 378.638 Thread 0x000000001b136800 Exception <a 'sun/nio/fs/WindowsException'> (0x00000000f7cac6d0) thrown at [C:\src\AOSP-openjdk-git\hotspot\src\share\vm\prims\jni.cpp, line 710]
Event: 378.667 Thread 0x000000001b136800 Exception <a 'sun/nio/fs/WindowsException'> (0x00000000f881cfa8) thrown at [C:\src\AOSP-openjdk-git\hotspot\src\share\vm\prims\jni.cpp, line 710]
Event: 378.792 Thread 0x000000001b136000 Exception <a 'sun/nio/fs/WindowsException'> (0x00000000f9bb5c80) thrown at [C:\src\AOSP-openjdk-git\hotspot\src\share\vm\prims\jni.cpp, line 710]
Event: 380.044 Thread 0x000000001b133800 Exception <a 'sun/nio/fs/WindowsException'> (0x00000000efbd5b68) thrown at [C:\src\AOSP-openjdk-git\hotspot\src\share\vm\prims\jni.cpp, line 710]
Event: 381.397 Thread 0x000000001b136000 Exception <a 'sun/nio/fs/WindowsException'> (0x00000000fc7b3718) thrown at [C:\src\AOSP-openjdk-git\hotspot\src\share\vm\prims\jni.cpp, line 710]
Event: 382.131 Thread 0x00000000199fa800 Exception <a 'sun/nio/fs/WindowsException'> (0x00000000e111b008) thrown at [C:\src\AOSP-openjdk-git\hotspot\src\share\vm\prims\jni.cpp, line 710]
Event: 383.256 Thread 0x00000000199fc000 Exception <a 'java/io/IOException'> (0x00000000e524bda0) thrown at [C:\src\AOSP-openjdk-git\hotspot\src\share\vm\prims\jni.cpp, line 710]
Event: 383.262 Thread 0x000000001b12d000 Exception <a 'java/lang/reflect/InvocationTargetException'> (0x00000000e515b378) thrown at [C:\src\AOSP-openjdk-git\hotspot\src\share\vm\runtime\reflection.cpp, line 1092]
Event: 383.419 Thread 0x000000001b131800 Exception <a 'java/lang/NoSuchMethodError': <clinit>> (0x00000000e00a8c18) thrown at [C:\src\AOSP-openjdk-git\hotspot\src\share\vm\prims\jni.cpp, line 1615]
Event: 383.420 Thread 0x000000001b131800 Exception <a 'java/lang/NoSuchMethodError': <clinit>> (0x00000000e00b9138) thrown at [C:\src\AOSP-openjdk-git\hotspot\src\share\vm\prims\jni.cpp, line 1615]

Events (10 events):
Event: 383.412 Executing VM operation: RevokeBias
Event: 383.413 Executing VM operation: RevokeBias done
Event: 383.414 Thread 0x000000001b12d000 Uncommon trap: trap_request=0xffffffde fr.pc=0x00000000067b1bd0
Event: 383.414 Thread 0x000000001b12d000 DEOPT PACKING pc=0x00000000067b1bd0 sp=0x000000001c23b3d0
Event: 383.414 Thread 0x000000001b12d000 DEOPT UNPACKING pc=0x000000000318557b sp=0x000000001c23b358 mode 2
Event: 383.414 Thread 0x000000001b12d000 Uncommon trap: trap_request=0xffffffde fr.pc=0x00000000067b1bd0
Event: 383.414 Thread 0x000000001b12d000 DEOPT PACKING pc=0x00000000067b1bd0 sp=0x000000001c23b3d0
Event: 383.414 Thread 0x000000001b12d000 DEOPT UNPACKING pc=0x000000000318557b sp=0x000000001c23b358 mode 2
Event: 383.417 loading class org/gradle/execution/plan/DefaultExecutionPlan
Event: 383.417 loading class org/gradle/execution/plan/DefaultExecutionPlan done


Dynamic libraries:
0x00007ff713e20000 - 0x00007ff713e51000 	C:\Program Files\Android\Android Studio\jre\bin\java.exe
0x00007ff8edb00000 - 0x00007ff8edcf0000 	C:\WINDOWS\SYSTEM32\ntdll.dll
0x00007ff8eda00000 - 0x00007ff8edab2000 	C:\WINDOWS\System32\KERNEL32.DLL
0x00007ff8eb270000 - 0x00007ff8eb515000 	C:\WINDOWS\System32\KERNELBASE.dll
0x00007ff8ec340000 - 0x00007ff8ec3e3000 	C:\WINDOWS\System32\ADVAPI32.dll
0x00007ff8ecf30000 - 0x00007ff8ecfce000 	C:\WINDOWS\System32\msvcrt.dll
0x00007ff8ed960000 - 0x00007ff8ed9f7000 	C:\WINDOWS\System32\sechost.dll
0x00007ff8ed700000 - 0x00007ff8ed81f000 	C:\WINDOWS\System32\RPCRT4.dll
0x00007ff8ecb20000 - 0x00007ff8eccb4000 	C:\WINDOWS\System32\USER32.dll
0x00007ff8eb6c0000 - 0x00007ff8eb6e1000 	C:\WINDOWS\System32\win32u.dll
0x00007ff8ed130000 - 0x00007ff8ed156000 	C:\WINDOWS\System32\GDI32.dll
0x00007ff8eb520000 - 0x00007ff8eb6b8000 	C:\WINDOWS\System32\gdi32full.dll
0x00007ff8ebb00000 - 0x00007ff8ebb9e000 	C:\WINDOWS\System32\msvcp_win.dll
0x00007ff8eb760000 - 0x00007ff8eb85a000 	C:\WINDOWS\System32\ucrtbase.dll
0x00007ff8dd020000 - 0x00007ff8dd2a4000 	C:\WINDOWS\WinSxS\amd64_microsoft.windows.common-controls_6595b64144ccf1df_6.0.18362.1556_none_9e7e372fe45e41d5\COMCTL32.dll
0x00007ff8ed3c0000 - 0x00007ff8ed6f6000 	C:\WINDOWS\System32\combase.dll
0x00007ff8eb860000 - 0x00007ff8eb8e1000 	C:\WINDOWS\System32\bcryptPrimitives.dll
0x00007ff8ec3f0000 - 0x00007ff8ec41e000 	C:\WINDOWS\System32\IMM32.DLL
0x00000000506f0000 - 0x00000000507c2000 	C:\Program Files\Android\Android Studio\jre\jre\bin\msvcr100.dll
0x00000000746c0000 - 0x0000000074f0b000 	C:\Program Files\Android\Android Studio\jre\jre\bin\server\jvm.dll
0x00007ff8ec330000 - 0x00007ff8ec338000 	C:\WINDOWS\System32\PSAPI.DLL
0x00007ff8e6410000 - 0x00007ff8e641a000 	C:\WINDOWS\SYSTEM32\VERSION.dll
0x00007ff8dbc30000 - 0x00007ff8dbc54000 	C:\WINDOWS\SYSTEM32\WINMM.dll
0x00007ff8dfcc0000 - 0x00007ff8dfcc9000 	C:\WINDOWS\SYSTEM32\WSOCK32.dll
0x00007ff8ecab0000 - 0x00007ff8ecb1f000 	C:\WINDOWS\System32\WS2_32.dll
0x00007ff8dcf70000 - 0x00007ff8dcf9d000 	C:\WINDOWS\SYSTEM32\WINMMBASE.dll
0x00007ff8eb6f0000 - 0x00007ff8eb73a000 	C:\WINDOWS\System32\cfgmgr32.dll
0x00007ff8d6910000 - 0x00007ff8d691f000 	C:\Program Files\Android\Android Studio\jre\jre\bin\verify.dll
0x00007ff8c9de0000 - 0x00007ff8c9e09000 	C:\Program Files\Android\Android Studio\jre\jre\bin\java.dll
0x00007ff8c9dc0000 - 0x00007ff8c9dd6000 	C:\Program Files\Android\Android Studio\jre\jre\bin\zip.dll
0x00007ff8ebc30000 - 0x00007ff8ec317000 	C:\WINDOWS\System32\SHELL32.dll
0x00007ff8ed160000 - 0x00007ff8ed208000 	C:\WINDOWS\System32\shcore.dll
0x00007ff8eaaf0000 - 0x00007ff8eb26b000 	C:\WINDOWS\System32\windows.storage.dll
0x00007ff8eaab0000 - 0x00007ff8eaace000 	C:\WINDOWS\System32\profapi.dll
0x00007ff8eaa40000 - 0x00007ff8eaa8a000 	C:\WINDOWS\System32\powrprof.dll
0x00007ff8eaa30000 - 0x00007ff8eaa40000 	C:\WINDOWS\System32\UMPDC.dll
0x00007ff8eced0000 - 0x00007ff8ecf22000 	C:\WINDOWS\System32\shlwapi.dll
0x00007ff8eaa90000 - 0x00007ff8eaaa1000 	C:\WINDOWS\System32\kernel.appcore.dll
0x00007ff8eb740000 - 0x00007ff8eb757000 	C:\WINDOWS\System32\cryptsp.dll
0x00007ff8c8760000 - 0x00007ff8c877a000 	C:\Program Files\Android\Android Studio\jre\jre\bin\net.dll
0x00007ff8ea210000 - 0x00007ff8ea277000 	C:\WINDOWS\system32\mswsock.dll
0x00007ff8c5f60000 - 0x00007ff8c5f73000 	C:\Program Files\Android\Android Studio\jre\jre\bin\nio.dll
0x00007ff8e1810000 - 0x00007ff8e1837000 	C:\Users\List\.gradle\native\f6784746aeab05261644944871eae4fe03e0ef1612fff0a4a95f87b438bc6780\windows-amd64\native-platform.dll
0x00007ff8d5fe0000 - 0x00007ff8d5fed000 	C:\Program Files\Android\Android Studio\jre\jre\bin\management.dll
0x00007ff8e9d90000 - 0x00007ff8e9dc3000 	C:\WINDOWS\system32\rsaenh.dll
0x00007ff8ebc00000 - 0x00007ff8ebc26000 	C:\WINDOWS\System32\bcrypt.dll
0x00007ff8ea950000 - 0x00007ff8ea975000 	C:\WINDOWS\SYSTEM32\USERENV.dll
0x00007ff8ea3e0000 - 0x00007ff8ea3ec000 	C:\WINDOWS\SYSTEM32\CRYPTBASE.dll
0x00007ff8e9f20000 - 0x00007ff8e9f5a000 	C:\WINDOWS\SYSTEM32\IPHLPAPI.DLL
0x00007ff8ec320000 - 0x00007ff8ec328000 	C:\WINDOWS\System32\NSI.dll
0x00007ff8e48c0000 - 0x00007ff8e48d6000 	C:\WINDOWS\SYSTEM32\dhcpcsvc6.DLL
0x00007ff8e57c0000 - 0x00007ff8e57dc000 	C:\WINDOWS\SYSTEM32\dhcpcsvc.DLL
0x00007ff8e9f70000 - 0x00007ff8ea03b000 	C:\WINDOWS\SYSTEM32\DNSAPI.dll
0x00007ff8e5700000 - 0x00007ff8e570b000 	C:\WINDOWS\SYSTEM32\WINNSI.DLL

VM Arguments:
jvm_args: -Xmx1536m -Dfile.encoding=windows-1252 -Duser.country=US -Duser.language=en -Duser.variant 
java_command: org.gradle.launcher.daemon.bootstrap.GradleDaemon 6.5
java_class_path (initial): C:\Users\List\.gradle\wrapper\dists\gradle-6.5-bin\6nifqtx7604sqp1q6g8wikw7p\gradle-6.5\lib\gradle-launcher-6.5.jar
Launcher Type: SUN_STANDARD

Environment Variables:
JAVA_HOME=C:\Program Files (x86)\Java\jdk1.7.0_55
CLASSPATH=C:\Users\List\Desktop\apache-tomcat-6\webapps\;D:\Apache6_new\lib\ojdbc6.jar;
PATH=C:\Program Files\MySQL\MySQL Server 5.5\bin;C:\oraclexe\app\oracle\product\11.2.0\server\bin;C:\ProgramData\Oracle\Java\javapath;D:\DevSuiteHome_1\jdk\jre\bin\classic;D:\DevSuiteHome_1\jdk\jre\bin;D:\DevSuiteHome_1\jdk\jre\bin\client;D:\DevSuiteHome_1\jlib;D:\DevSuiteHome_1\bin;D:\DevSuiteHome_1\jre\1.4.2\bin\client;D:\DevSuiteHome_1\jre\1.4.2\bin;D:\orant\bin;C:\Program Files (x86)\Intel\iCLS Client\;C:\Program Files\Intel\iCLS Client\;C:\WINDOWS\system32;C:\WINDOWS;C:\WINDOWS\System32\Wbem;C:\WINDOWS\System32\WindowsPowerShell\v1.0\;C:\Program Files (x86)\Intel\Intel(R) Management Engine Components\DAL;C:\Program Files\Intel\Intel(R) Management Engine Components\DAL;C:\Program Files (x86)\Intel\Intel(R) Management Engine Components\IPT;C:\Program Files\Intel\Intel(R) Management Engine Components\IPT;D:\orant\jdk\bin;C:\Program Files (x86)\Java\jdk1.7.0_55;C:\Program Files\nodejs\;C:\Program Files\Java\jdk-12.0.1\bin;F:\MAHESHPATIL\Setup\flutter\bin;C:\Program Files\Git\cmd;C:\Program Files\Git\cmd\;C:\Program Files\TortoiseSVN\bin;C:\WINDOWS\System32\OpenSSH\;C:\Users\List\AppData\Roaming\npm;F:\MAHESHPATIL\Setup\flutter\bin;C:\Users\List\AppData\Local\Programs\Microsoft VS Code\bin;C:\Users\List\AppData\Local\GitHubDesktop\bin;C:\Program Files\TortoiseSVN\bin;%USERPROFILE%\AppData\Local\Microsoft\WindowsApps;
USERNAME=List
OS=Windows_NT
PROCESSOR_IDENTIFIER=Intel64 Family 6 Model 94 Stepping 3, GenuineIntel



---------------  S Y S T E M  ---------------

OS: Windows 10.0 , 64 bit Build 18362 (10.0.18362.1500)

CPU:total 4 (initial active 4) (2 cores per cpu, 2 threads per core) family 6 model 94 stepping 3, cmov, cx8, fxsr, mmx, sse, sse2, sse3, ssse3, sse4.1, sse4.2, popcnt, avx, avx2, aes, clmul, erms, 3dnowpref, lzcnt, ht, tsc, tscinvbit, bmi1, bmi2, adx

Memory: 4k page, physical 8251988k(423816k free), swap 18491988k(5276k free)

vm_info: OpenJDK 64-Bit Server VM (25.242-b01) for windows-amd64 JRE (1.8.0_242-release-1644-b01), built by "builder" with MS VC++ 10.0 (VS2010)

time: Thu May 27 12:20:38 2021
timezone: India Standard Time
elapsed time: 383 seconds (0d 0h 6m 23s)

