#
# There is insufficient memory for the Java Runtime Environment to continue.
# Native memory allocation (malloc) failed to allocate 32744 bytes for ChunkPool::allocate
# Possible reasons:
#   The system is out of physical RAM or swap space
#   The process is running with CompressedOops enabled, and the Java Heap may be blocking the growth of the native heap
# Possible solutions:
#   Reduce memory load on the system
#   Increase physical memory or swap space
#   Check if swap backing store is full
#   Decrease Java heap size (-Xmx/-Xms)
#   Decrease number of Java threads
#   Decrease Java thread stack sizes (-Xss)
#   Set larger code cache with -XX:ReservedCodeCacheSize=
#   JVM is running with Unscaled Compressed Oops mode in which the Java heap is
#     placed in the first 4GB address space. The Java Heap base address is the
#     maximum limit for the native heap growth. Please use -XX:HeapBaseMinAddress
#     to set the Java Heap base and to place the Java Heap above 4GB virtual address.
# This output file may be truncated or incomplete.
#
#  Out of Memory Error (allocation.cpp:272), pid=13596, tid=0x0000000000004034
#
# JRE version: OpenJDK Runtime Environment (8.0_242-b01) (build 1.8.0_242-release-1644-b01)
# Java VM: OpenJDK 64-Bit Server VM (25.242-b01 mixed mode windows-amd64 compressed oops)
# Failed to write core dump. Minidumps are not enabled by default on client versions of Windows
#

---------------  T H R E A D  ---------------

Current thread (0x0000000016b1b800):  JavaThread "C2 CompilerThread1" daemon [_thread_in_native, id=16436, stack(0x0000000018270000,0x0000000018370000)]

Stack: [0x0000000018270000,0x0000000018370000]
[error occurred during error reporting (printing stack bounds), id 0xc0000005]

Native frames: (J=compiled Java code, j=interpreted, Vv=VM code, C=native code)


Current CompileTask:
C2: 601965 17477 %     4       com.android.tools.r8.ir.regalloc.a::a @ 531 (952 bytes)


---------------  P R O C E S S  ---------------

Java Threads: ( => current thread )
  0x000000001d6bf800 JavaThread "stdout" [_thread_in_native, id=13092, stack(0x000000002cf80000,0x000000002d080000)]
  0x000000001d5a1800 JavaThread "stderr" [_thread_in_native, id=11844, stack(0x000000002ce80000,0x000000002cf80000)]
  0x000000001d5a0000 JavaThread "stdout" [_thread_in_native, id=17988, stack(0x000000002cd80000,0x000000002ce80000)]
  0x000000001d59f800 JavaThread "stderr" [_thread_in_native, id=10448, stack(0x000000002cc80000,0x000000002cd80000)]
  0x000000001d59e800 JavaThread "stdout" [_thread_in_native, id=2364, stack(0x000000002cb80000,0x000000002cc80000)]
  0x000000001d5a5800 JavaThread "stderr" [_thread_in_native, id=14784, stack(0x000000002ca80000,0x000000002cb80000)]
  0x000000001d5a3000 JavaThread "pool-4-thread-1" [_thread_blocked, id=21044, stack(0x000000002c980000,0x000000002ca80000)]
  0x000000001d5a2800 JavaThread "Cache worker for execution history cache (F:\MAHESHPATIL\New Android Studio Workspace\Androidchartexample\.gradle\6.5\executionHistory)" [_thread_blocked, id=8340, stack(0x000000002c680000,0x000000002c780000)]
  0x000000001d5a4800 JavaThread "Execution worker for ':' Thread 3" [_thread_blocked, id=2940, stack(0x000000002b5b0000,0x000000002b6b0000)]
  0x000000001d597000 JavaThread "Execution worker for ':' Thread 2" [_thread_blocked, id=13020, stack(0x000000002b4b0000,0x000000002b5b0000)]
  0x000000001d599800 JavaThread "Execution worker for ':'" [_thread_blocked, id=19380, stack(0x000000002a1c0000,0x000000002a2c0000)]
  0x000000001d59a000 JavaThread "Cache worker for file content cache (F:\MAHESHPATIL\New Android Studio Workspace\Androidchartexample\.gradle\6.5\fileContent)" [_thread_blocked, id=14228, stack(0x0000000028dc0000,0x0000000028ec0000)]
  0x000000001d596800 JavaThread "pool-3-thread-1" [_thread_blocked, id=3664, stack(0x0000000028ac0000,0x0000000028bc0000)]
  0x000000001d59d000 JavaThread "Cache worker for Build Output Cleanup Cache (F:\MAHESHPATIL\New Android Studio Workspace\Androidchartexample\.gradle\buildOutputCleanup)" [_thread_blocked, id=8024, stack(0x00000000289c0000,0x0000000028ac0000)]
  0x000000001d59b800 JavaThread "jar transforms Thread 184" [_thread_blocked, id=15628, stack(0x00000000288c0000,0x00000000289c0000)]
  0x000000001d59b000 JavaThread "jar transforms Thread 183" [_thread_blocked, id=20764, stack(0x00000000287c0000,0x00000000288c0000)]
  0x000000001d598000 JavaThread "jar transforms Thread 182" [_thread_blocked, id=20464, stack(0x00000000286c0000,0x00000000287c0000)]
  0x000000001d598800 JavaThread "jar transforms Thread 181" [_thread_blocked, id=12132, stack(0x00000000285c0000,0x00000000286c0000)]
  0x000000001d59c800 JavaThread "jar transforms Thread 180" [_thread_blocked, id=20196, stack(0x00000000284c0000,0x00000000285c0000)]
  0x000000001ee04000 JavaThread "jar transforms Thread 179" [_thread_blocked, id=21456, stack(0x00000000283c0000,0x00000000284c0000)]
  0x000000001ee06800 JavaThread "jar transforms Thread 178" [_thread_blocked, id=19772, stack(0x00000000282c0000,0x00000000283c0000)]
  0x000000001ee05800 JavaThread "jar transforms Thread 177" [_thread_blocked, id=15756, stack(0x00000000281c0000,0x00000000282c0000)]
  0x000000001ee02800 JavaThread "jar transforms Thread 176" [_thread_blocked, id=7604, stack(0x00000000280c0000,0x00000000281c0000)]
  0x000000001ee01000 JavaThread "jar transforms Thread 175" [_thread_blocked, id=16476, stack(0x0000000027fc0000,0x00000000280c0000)]
  0x000000001ee05000 JavaThread "jar transforms Thread 174" [_thread_blocked, id=16664, stack(0x0000000027ec0000,0x0000000027fc0000)]
  0x000000001ee02000 JavaThread "jar transforms Thread 173" [_thread_blocked, id=14268, stack(0x0000000027dc0000,0x0000000027ec0000)]
  0x000000001ee00800 JavaThread "jar transforms Thread 172" [_thread_blocked, id=9148, stack(0x0000000027cc0000,0x0000000027dc0000)]
  0x000000001ee07000 JavaThread "jar transforms Thread 171" [_thread_blocked, id=19364, stack(0x0000000027bc0000,0x0000000027cc0000)]
  0x000000001ee03800 JavaThread "jar transforms Thread 170" [_thread_blocked, id=13024, stack(0x0000000027ac0000,0x0000000027bc0000)]
  0x000000001edff800 JavaThread "jar transforms Thread 169" [_thread_blocked, id=14332, stack(0x00000000279c0000,0x0000000027ac0000)]
  0x000000001edf8000 JavaThread "jar transforms Thread 168" [_thread_blocked, id=13144, stack(0x00000000278c0000,0x00000000279c0000)]
  0x000000001edfc800 JavaThread "jar transforms Thread 167" [_thread_blocked, id=756, stack(0x00000000277c0000,0x00000000278c0000)]
  0x000000001edfc000 JavaThread "jar transforms Thread 166" [_thread_blocked, id=20420, stack(0x00000000276c0000,0x00000000277c0000)]
  0x000000001edff000 JavaThread "jar transforms Thread 165" [_thread_blocked, id=20728, stack(0x00000000275c0000,0x00000000276c0000)]
  0x000000001edf9800 JavaThread "jar transforms Thread 164" [_thread_blocked, id=15284, stack(0x00000000274c0000,0x00000000275c0000)]
  0x000000001edf9000 JavaThread "jar transforms Thread 163" [_thread_blocked, id=12464, stack(0x00000000273c0000,0x00000000274c0000)]
  0x000000001edfe000 JavaThread "jar transforms Thread 162" [_thread_blocked, id=620, stack(0x00000000272c0000,0x00000000273c0000)]
  0x000000001edfa800 JavaThread "jar transforms Thread 161" [_thread_blocked, id=14848, stack(0x00000000271c0000,0x00000000272c0000)]
  0x000000001edfb000 JavaThread "jar transforms Thread 160" [_thread_blocked, id=11076, stack(0x00000000270c0000,0x00000000271c0000)]
  0x000000001edfd800 JavaThread "jar transforms Thread 159" [_thread_blocked, id=604, stack(0x0000000026fc0000,0x00000000270c0000)]
  0x000000001edd6800 JavaThread "jar transforms Thread 158" [_thread_blocked, id=13464, stack(0x0000000026ec0000,0x0000000026fc0000)]
  0x000000001eddd000 JavaThread "jar transforms Thread 157" [_thread_blocked, id=11812, stack(0x0000000026dc0000,0x0000000026ec0000)]
  0x000000001eddc800 JavaThread "jar transforms Thread 156" [_thread_blocked, id=19208, stack(0x0000000026cc0000,0x0000000026dc0000)]
  0x000000001edd8000 JavaThread "jar transforms Thread 155" [_thread_blocked, id=16032, stack(0x0000000026bc0000,0x0000000026cc0000)]
  0x000000001eddb800 JavaThread "jar transforms Thread 154" [_thread_blocked, id=20724, stack(0x0000000026ac0000,0x0000000026bc0000)]
  0x000000001edd7000 JavaThread "jar transforms Thread 153" [_thread_blocked, id=11332, stack(0x00000000269c0000,0x0000000026ac0000)]
  0x000000001eddb000 JavaThread "jar transforms Thread 152" [_thread_blocked, id=19748, stack(0x00000000268c0000,0x00000000269c0000)]
  0x000000001edd8800 JavaThread "jar transforms Thread 151" [_thread_blocked, id=10796, stack(0x00000000267c0000,0x00000000268c0000)]
  0x000000001edd9800 JavaThread "jar transforms Thread 150" [_thread_blocked, id=8816, stack(0x00000000266c0000,0x00000000267c0000)]
  0x000000001edda000 JavaThread "jar transforms Thread 149" [_thread_blocked, id=19100, stack(0x00000000265c0000,0x00000000266c0000)]
  0x000000001a6b8000 JavaThread "jar transforms Thread 148" [_thread_blocked, id=19864, stack(0x00000000264c0000,0x00000000265c0000)]
  0x000000001a6ba800 JavaThread "jar transforms Thread 147" [_thread_blocked, id=19496, stack(0x00000000263c0000,0x00000000264c0000)]
  0x000000001a6be000 JavaThread "jar transforms Thread 146" [_thread_blocked, id=20276, stack(0x00000000262c0000,0x00000000263c0000)]
  0x000000001a6b7800 JavaThread "jar transforms Thread 145" [_thread_blocked, id=13436, stack(0x00000000261c0000,0x00000000262c0000)]
  0x000000001a6b9000 JavaThread "jar transforms Thread 144" [_thread_blocked, id=2252, stack(0x00000000260c0000,0x00000000261c0000)]
  0x000000001a6bb000 JavaThread "jar transforms Thread 143" [_thread_blocked, id=8836, stack(0x0000000025fc0000,0x00000000260c0000)]
  0x000000001a6b9800 JavaThread "jar transforms Thread 142" [_thread_blocked, id=19956, stack(0x0000000025ec0000,0x0000000025fc0000)]
  0x000000001a6bc800 JavaThread "jar transforms Thread 141" [_thread_blocked, id=19592, stack(0x0000000025dc0000,0x0000000025ec0000)]
  0x000000001a6bd800 JavaThread "jar transforms Thread 140" [_thread_blocked, id=19612, stack(0x0000000025cc0000,0x0000000025dc0000)]
  0x000000001a6bc000 JavaThread "jar transforms Thread 139" [_thread_blocked, id=16376, stack(0x0000000025bc0000,0x0000000025cc0000)]
  0x000000001a6b0000 JavaThread "jar transforms Thread 138" [_thread_blocked, id=17932, stack(0x0000000025ac0000,0x0000000025bc0000)]
  0x000000001a6b6800 JavaThread "jar transforms Thread 137" [_thread_blocked, id=6048, stack(0x00000000259c0000,0x0000000025ac0000)]
  0x000000001a6af000 JavaThread "jar transforms Thread 136" [_thread_blocked, id=13424, stack(0x00000000258c0000,0x00000000259c0000)]
  0x000000001a6b0800 JavaThread "jar transforms Thread 135" [_thread_blocked, id=964, stack(0x00000000257c0000,0x00000000258c0000)]
  0x000000001a6b6000 JavaThread "jar transforms Thread 134" [_thread_blocked, id=1848, stack(0x00000000256c0000,0x00000000257c0000)]
  0x000000001a6b2000 JavaThread "jar transforms Thread 133" [_thread_blocked, id=4512, stack(0x00000000255c0000,0x00000000256c0000)]
  0x000000001a6b5000 JavaThread "jar transforms Thread 132" [_thread_blocked, id=816, stack(0x00000000254c0000,0x00000000255c0000)]
  0x000000001a6b4800 JavaThread "jar transforms Thread 131" [_thread_blocked, id=4624, stack(0x00000000253c0000,0x00000000254c0000)]
  0x000000001a6b1800 JavaThread "jar transforms Thread 130" [_thread_blocked, id=11408, stack(0x00000000252c0000,0x00000000253c0000)]
  0x000000001a6b3000 JavaThread "jar transforms Thread 129" [_thread_blocked, id=6932, stack(0x00000000251c0000,0x00000000252c0000)]
  0x000000001a6b3800 JavaThread "jar transforms Thread 128" [_thread_blocked, id=3096, stack(0x00000000250c0000,0x00000000251c0000)]
  0x0000000019027800 JavaThread "jar transforms Thread 127" [_thread_blocked, id=14032, stack(0x0000000024fc0000,0x00000000250c0000)]
  0x0000000019026800 JavaThread "jar transforms Thread 126" [_thread_blocked, id=15972, stack(0x0000000024ec0000,0x0000000024fc0000)]
  0x0000000019029000 JavaThread "jar transforms Thread 125" [_thread_blocked, id=15604, stack(0x0000000024dc0000,0x0000000024ec0000)]
  0x000000001902d000 JavaThread "jar transforms Thread 124" [_thread_blocked, id=252, stack(0x0000000024cc0000,0x0000000024dc0000)]
  0x000000001902c000 JavaThread "jar transforms Thread 123" [_thread_blocked, id=16280, stack(0x0000000024bc0000,0x0000000024cc0000)]
  0x0000000019028000 JavaThread "jar transforms Thread 122" [_thread_blocked, id=3464, stack(0x0000000024ac0000,0x0000000024bc0000)]
  0x000000001902a000 JavaThread "jar transforms Thread 121" [_thread_blocked, id=20084, stack(0x00000000249c0000,0x0000000024ac0000)]
  0x000000001d78a800 JavaThread "jar transforms Thread 120" [_thread_blocked, id=13392, stack(0x00000000248c0000,0x00000000249c0000)]
  0x000000001d787000 JavaThread "jar transforms Thread 119" [_thread_blocked, id=17860, stack(0x00000000247c0000,0x00000000248c0000)]
  0x000000001d786000 JavaThread "jar transforms Thread 118" [_thread_blocked, id=10324, stack(0x00000000246c0000,0x00000000247c0000)]
  0x000000001d78a000 JavaThread "jar transforms Thread 117" [_thread_blocked, id=8000, stack(0x00000000233d0000,0x00000000234d0000)]
  0x000000001d788800 JavaThread "jar transforms Thread 116" [_thread_blocked, id=18012, stack(0x0000000023060000,0x0000000023160000)]
  0x000000001d785800 JavaThread "jar transforms Thread 115" [_thread_blocked, id=21200, stack(0x0000000022750000,0x0000000022850000)]
  0x000000001d77e000 JavaThread "jar transforms Thread 114" [_thread_blocked, id=18068, stack(0x0000000021e50000,0x0000000021f50000)]
  0x000000001d77b800 JavaThread "jar transforms Thread 113" [_thread_blocked, id=13712, stack(0x0000000021d50000,0x0000000021e50000)]
  0x000000001d782800 JavaThread "jar transforms Thread 112" [_thread_blocked, id=7448, stack(0x0000000021c50000,0x0000000021d50000)]
  0x0000000019f2b800 JavaThread "jar transforms Thread 111" [_thread_blocked, id=9812, stack(0x0000000021950000,0x0000000021a50000)]
  0x0000000019f2a000 JavaThread "jar transforms Thread 110" [_thread_blocked, id=12284, stack(0x0000000021850000,0x0000000021950000)]
  0x0000000019f2b000 JavaThread "jar transforms Thread 109" [_thread_blocked, id=20288, stack(0x0000000021750000,0x0000000021850000)]
  0x0000000019f2e000 JavaThread "jar transforms Thread 108" [_thread_blocked, id=14844, stack(0x0000000021650000,0x0000000021750000)]
  0x0000000019f2e800 JavaThread "jar transforms Thread 107" [_thread_blocked, id=11084, stack(0x0000000021550000,0x0000000021650000)]
  0x0000000019f2d000 JavaThread "jar transforms Thread 106" [_thread_blocked, id=15796, stack(0x0000000021450000,0x0000000021550000)]
  0x0000000019f2c800 JavaThread "jar transforms Thread 105" [_thread_blocked, id=21108, stack(0x0000000021350000,0x0000000021450000)]
  0x0000000019f22800 JavaThread "jar transforms Thread 104" [_thread_blocked, id=13208, stack(0x0000000021250000,0x0000000021350000)]
  0x0000000019f25800 JavaThread "jar transforms Thread 103" [_thread_blocked, id=21304, stack(0x0000000021150000,0x0000000021250000)]
  0x0000000019f29800 JavaThread "jar transforms Thread 102" [_thread_blocked, id=6896, stack(0x0000000021050000,0x0000000021150000)]
  0x0000000019f22000 JavaThread "jar transforms Thread 101" [_thread_blocked, id=12508, stack(0x0000000020f50000,0x0000000021050000)]
  0x0000000019f28800 JavaThread "jar transforms Thread 100" [_thread_blocked, id=14132, stack(0x0000000020e50000,0x0000000020f50000)]
  0x0000000019f21000 JavaThread "jar transforms Thread 99" [_thread_blocked, id=18216, stack(0x0000000020d50000,0x0000000020e50000)]
  0x0000000019f26800 JavaThread "jar transforms Thread 98" [_thread_blocked, id=9256, stack(0x0000000020c50000,0x0000000020d50000)]
  0x0000000020365800 JavaThread "jar transforms Thread 97" [_thread_blocked, id=12952, stack(0x0000000020b50000,0x0000000020c50000)]
  0x0000000020364800 JavaThread "jar transforms Thread 96" [_thread_blocked, id=19776, stack(0x0000000020a50000,0x0000000020b50000)]
  0x000000002036b800 JavaThread "jar transforms Thread 95" [_thread_blocked, id=9472, stack(0x0000000020950000,0x0000000020a50000)]
  0x000000002036a800 JavaThread "jar transforms Thread 94" [_thread_blocked, id=6012, stack(0x0000000020850000,0x0000000020950000)]
  0x0000000020363000 JavaThread "jar transforms Thread 93" [_thread_blocked, id=19684, stack(0x0000000020750000,0x0000000020850000)]
  0x000000002036a000 JavaThread "Build operations Thread 4" [_thread_in_Java, id=20312, stack(0x000000001f630000,0x000000001f730000)]
  0x0000000020367000 JavaThread "Build operations Thread 3" [_thread_blocked, id=2668, stack(0x000000001f530000,0x000000001f630000)]
  0x0000000020362800 JavaThread "Build operations Thread 2" [_thread_blocked, id=7012, stack(0x000000001f430000,0x000000001f530000)]
  0x0000000020364000 JavaThread "Build operations" [_thread_blocked, id=8640, stack(0x000000001f330000,0x000000001f430000)]
  0x0000000020366000 JavaThread "Cache worker for cache directory md-rule (C:\Users\List\.gradle\caches\6.5\md-rule)" [_thread_blocked, id=15596, stack(0x000000001f230000,0x000000001f330000)]
  0x0000000020369000 JavaThread "Cache worker for cache directory md-supplier (C:\Users\List\.gradle\caches\6.5\md-supplier)" [_thread_blocked, id=9028, stack(0x000000001f130000,0x000000001f230000)]
  0x0000000020368800 JavaThread "Cache worker for checksums cache (F:\MAHESHPATIL\New Android Studio Workspace\Androidchartexample\.gradle\checksums)" [_thread_blocked, id=4788, stack(0x000000001f030000,0x000000001f130000)]
  0x0000000020361000 JavaThread "Cache worker for file hash cache (F:\MAHESHPATIL\New Android Studio Workspace\Androidchartexample\.gradle\6.5\fileHashes)" [_thread_blocked, id=13632, stack(0x000000001c590000,0x000000001c690000)]
  0x000000002035c800 JavaThread "Thread-126" [_thread_blocked, id=11444, stack(0x000000001c290000,0x000000001c390000)]
  0x0000000020360000 JavaThread "Stdin handler" [_thread_blocked, id=10280, stack(0x000000001c190000,0x000000001c290000)]
  0x000000002035f800 JavaThread "Asynchronous log dispatcher for DefaultDaemonConnection: socket connection from /127.0.0.1:58331 to /127.0.0.1:52672" [_thread_blocked, id=8572, stack(0x000000001be90000,0x000000001bf90000)]
  0x000000002035e800 JavaThread "Daemon worker Thread 2" [_thread_blocked, id=14732, stack(0x000000001bd90000,0x000000001be90000)]
  0x0000000020361800 JavaThread "Cancel handler" [_thread_blocked, id=12296, stack(0x0000000002ea0000,0x0000000002fa0000)]
  0x000000002035d000 JavaThread "Handler for socket connection from /127.0.0.1:58331 to /127.0.0.1:52672" [_thread_in_native, id=20488, stack(0x0000000001420000,0x0000000001520000)]
  0x000000002035e000 JavaThread "Daemon Thread 2" [_thread_blocked, id=5280, stack(0x0000000001320000,0x0000000001420000)]
  0x000000001d781800 JavaThread "Memory manager" [_thread_blocked, id=11048, stack(0x0000000029ec0000,0x0000000029fc0000)]
  0x0000000019f1f800 JavaThread "Cache worker for file content cache (C:\Users\List\.gradle\caches\6.5\fileContent)" [_thread_blocked, id=20832, stack(0x0000000022650000,0x0000000022750000)]
  0x0000000019f25000 JavaThread "Cache worker for execution history cache (C:\Users\List\.gradle\caches\6.5\executionHistory)" [_thread_blocked, id=12136, stack(0x0000000022150000,0x0000000022250000)]
  0x000000001902b800 JavaThread "Cache worker for file hash cache (C:\Users\List\.gradle\caches\6.5\fileHashes)" [_thread_blocked, id=20304, stack(0x000000001db60000,0x000000001dc60000)]
  0x000000001902a800 JavaThread "File lock request listener" [_thread_in_native, id=14604, stack(0x000000001ca90000,0x000000001cb90000)]
  0x000000001902d800 JavaThread "Cache worker for journal cache (C:\Users\List\.gradle\caches\journal-1)" [_thread_blocked, id=10048, stack(0x000000001c890000,0x000000001c990000)]
  0x000000001954d800 JavaThread "Daemon periodic checks" [_thread_blocked, id=20100, stack(0x000000001bc90000,0x000000001bd90000)]
  0x000000001959e800 JavaThread "Incoming local TCP Connector on port 58331" [_thread_in_native, id=8548, stack(0x000000001ba50000,0x000000001bb50000)]
  0x000000001a3ee800 JavaThread "Daemon health stats" [_thread_blocked, id=10820, stack(0x000000001b410000,0x000000001b510000)]
  0x0000000018479000 JavaThread "Service Thread" daemon [_thread_blocked, id=2204, stack(0x0000000018870000,0x0000000018970000)]
  0x0000000016b69000 JavaThread "C1 CompilerThread2" daemon [_thread_in_native, id=18872, stack(0x0000000018370000,0x0000000018470000)]
=>0x0000000016b1b800 JavaThread "C2 CompilerThread1" daemon [_thread_in_native, id=16436, stack(0x0000000018270000,0x0000000018370000)]
  0x0000000016b16800 JavaThread "C2 CompilerThread0" daemon [_thread_in_native, id=13448, stack(0x0000000018170000,0x0000000018270000)]
  0x0000000016b15800 JavaThread "Attach Listener" daemon [_thread_blocked, id=19264, stack(0x0000000018070000,0x0000000018170000)]
  0x0000000016b14000 JavaThread "Signal Dispatcher" daemon [_thread_blocked, id=11592, stack(0x0000000017f70000,0x0000000018070000)]
  0x000000000319b800 JavaThread "Finalizer" daemon [_thread_blocked, id=20692, stack(0x0000000017d70000,0x0000000017e70000)]
  0x0000000016af9000 JavaThread "Reference Handler" daemon [_thread_blocked, id=15980, stack(0x0000000017c70000,0x0000000017d70000)]
  0x00000000030a2800 JavaThread "main" [_thread_blocked, id=20564, stack(0x0000000002fa0000,0x00000000030a0000)]

Other Threads:
  0x0000000016ad7000 VMThread [stack: 0x0000000017b70000,0x0000000017c70000] [id=14976]
  0x0000000018479800 WatcherThread [stack: 0x0000000018970000,0x0000000018a70000] [id=21372]

VM state:not at safepoint (normal execution)

VM Mutex/Monitor currently owned by a thread: None

heap address: 0x00000000a0000000, size: 1536 MB, Compressed Oops mode: 32-bit
Narrow klass base: 0x0000000000000000, Narrow klass shift: 3
Compressed class space size: 1073741824 Address: 0x0000000100000000

Heap:
 PSYoungGen      total 351744K, used 121581K [0x00000000e0000000, 0x00000000f6e80000, 0x0000000100000000)
  eden space 328704K, 35% used [0x00000000e0000000,0x00000000e70a29c8,0x00000000f4100000)
  from space 23040K, 27% used [0x00000000f5700000,0x00000000f5d18ce8,0x00000000f6d80000)
  to   space 22528K, 0% used [0x00000000f4100000,0x00000000f4100000,0x00000000f5700000)
 ParOldGen       total 189440K, used 86048K [0x00000000a0000000, 0x00000000ab900000, 0x00000000e0000000)
  object space 189440K, 45% used [0x00000000a0000000,0x00000000a5408098,0x00000000ab900000)
 Metaspace       used 95600K, capacity 100621K, committed 100940K, reserved 1136640K
  class space    used 12508K, capacity 13519K, committed 13696K, reserved 1048576K

Card table byte_map: [0x0000000012560000,0x0000000012870000] byte_map_base: 0x0000000012060000

Marking Bits: (ParMarkBitMap*) 0x0000000074e8f030
 Begin Bits: [0x0000000012e70000, 0x0000000014670000)
 End Bits:   [0x0000000014670000, 0x0000000015e70000)

Polling page: 0x0000000001570000

CodeCache: size=245760Kb used=53148Kb max_used=53148Kb free=192611Kb
 bounds [0x00000000031a0000, 0x00000000065d0000, 0x00000000121a0000]
 total_blobs=15547 nmethods=14689 adapters=769
 compilation: enabled

Compilation events (10 events):
Event: 601.683 Thread 0x0000000016b69000 nmethod 17542% 0x000000000659d750 code [0x000000000659d9a0, 0x000000000659e688]
Event: 601.683 Thread 0x0000000016b69000 17543       3       com.android.tools.r8.graph.g1::a (104 bytes)
Event: 601.684 Thread 0x0000000016b69000 nmethod 17543 0x000000000659c390 code [0x000000000659c5e0, 0x000000000659d278]
Event: 601.706 Thread 0x0000000016b69000 17544       2       com.android.tools.r8.t.a.a.a.f.h0::entrySet (4 bytes)
Event: 601.706 Thread 0x0000000016b69000 nmethod 17544 0x000000000659c050 code [0x000000000659c1a0, 0x000000000659c2f0]
Event: 601.706 Thread 0x0000000016b69000 17545       2       com.android.tools.r8.t.a.a.a.h.y0::iterator (4 bytes)
Event: 601.706 Thread 0x0000000016b69000 nmethod 17545 0x000000000659bd10 code [0x000000000659be60, 0x000000000659bfb0]
Event: 601.758 Thread 0x0000000016b69000 17546 %     3       com.android.tools.r8.ir.optimize.a0::a @ 88 (1308 bytes)
Event: 601.780 Thread 0x0000000016b69000 nmethod 17546% 0x00000000065a4d90 code [0x00000000065a6000, 0x00000000065b3938]
Event: 601.813 Thread 0x0000000016b69000 17547 %     3       com.android.tools.r8.ir.optimize.a0::a @ 140 (1308 bytes)

GC Heap History (10 events):
Event: 592.029 GC heap before
{Heap before GC invocations=32 (full 4):
 PSYoungGen      total 257536K, used 242521K [0x00000000e0000000, 0x00000000f3880000, 0x0000000100000000)
  eden space 232960K, 100% used [0x00000000e0000000,0x00000000ee380000,0x00000000ee380000)
  from space 24576K, 38% used [0x00000000ee380000,0x00000000eecd6670,0x00000000efb80000)
  to   space 24064K, 0% used [0x00000000f2100000,0x00000000f2100000,0x00000000f3880000)
 ParOldGen       total 189440K, used 69838K [0x00000000a0000000, 0x00000000ab900000, 0x00000000e0000000)
  object space 189440K, 36% used [0x00000000a0000000,0x00000000a4433808,0x00000000ab900000)
 Metaspace       used 95329K, capacity 100375K, committed 100684K, reserved 1136640K
  class space    used 12505K, capacity 13514K, committed 13696K, reserved 1048576K
Event: 592.072 GC heap after
Heap after GC invocations=32 (full 4):
 PSYoungGen      total 296960K, used 8649K [0x00000000e0000000, 0x00000000f3b00000, 0x0000000100000000)
  eden space 272896K, 0% used [0x00000000e0000000,0x00000000e0000000,0x00000000f0a80000)
  from space 24064K, 35% used [0x00000000f2100000,0x00000000f2972690,0x00000000f3880000)
  to   space 23040K, 0% used [0x00000000f0a80000,0x00000000f0a80000,0x00000000f2100000)
 ParOldGen       total 189440K, used 71070K [0x00000000a0000000, 0x00000000ab900000, 0x00000000e0000000)
  object space 189440K, 37% used [0x00000000a0000000,0x00000000a4567818,0x00000000ab900000)
 Metaspace       used 95329K, capacity 100375K, committed 100684K, reserved 1136640K
  class space    used 12505K, capacity 13514K, committed 13696K, reserved 1048576K
}
Event: 593.883 GC heap before
{Heap before GC invocations=33 (full 4):
 PSYoungGen      total 296960K, used 281545K [0x00000000e0000000, 0x00000000f3b00000, 0x0000000100000000)
  eden space 272896K, 100% used [0x00000000e0000000,0x00000000f0a80000,0x00000000f0a80000)
  from space 24064K, 35% used [0x00000000f2100000,0x00000000f2972690,0x00000000f3880000)
  to   space 23040K, 0% used [0x00000000f0a80000,0x00000000f0a80000,0x00000000f2100000)
 ParOldGen       total 189440K, used 71070K [0x00000000a0000000, 0x00000000ab900000, 0x00000000e0000000)
  object space 189440K, 37% used [0x00000000a0000000,0x00000000a4567818,0x00000000ab900000)
 Metaspace       used 95358K, capacity 100447K, committed 100940K, reserved 1136640K
  class space    used 12505K, capacity 13514K, committed 13696K, reserved 1048576K
Event: 593.955 GC heap after
Heap after GC invocations=33 (full 4):
 PSYoungGen      total 295936K, used 7106K [0x00000000e0000000, 0x00000000f6d80000, 0x0000000100000000)
  eden space 272896K, 0% used [0x00000000e0000000,0x00000000e0000000,0x00000000f0a80000)
  from space 23040K, 30% used [0x00000000f0a80000,0x00000000f1170810,0x00000000f2100000)
  to   space 23040K, 0% used [0x00000000f5700000,0x00000000f5700000,0x00000000f6d80000)
 ParOldGen       total 189440K, used 76263K [0x00000000a0000000, 0x00000000ab900000, 0x00000000e0000000)
  object space 189440K, 40% used [0x00000000a0000000,0x00000000a4a79eb8,0x00000000ab900000)
 Metaspace       used 95358K, capacity 100447K, committed 100940K, reserved 1136640K
  class space    used 12505K, capacity 13514K, committed 13696K, reserved 1048576K
}
Event: 596.109 GC heap before
{Heap before GC invocations=34 (full 4):
 PSYoungGen      total 295936K, used 280002K [0x00000000e0000000, 0x00000000f6d80000, 0x0000000100000000)
  eden space 272896K, 100% used [0x00000000e0000000,0x00000000f0a80000,0x00000000f0a80000)
  from space 23040K, 30% used [0x00000000f0a80000,0x00000000f1170810,0x00000000f2100000)
  to   space 23040K, 0% used [0x00000000f5700000,0x00000000f5700000,0x00000000f6d80000)
 ParOldGen       total 189440K, used 76263K [0x00000000a0000000, 0x00000000ab900000, 0x00000000e0000000)
  object space 189440K, 40% used [0x00000000a0000000,0x00000000a4a79eb8,0x00000000ab900000)
 Metaspace       used 95523K, capacity 100591K, committed 100940K, reserved 1136640K
  class space    used 12507K, capacity 13516K, committed 13696K, reserved 1048576K
Event: 596.181 GC heap after
Heap after GC invocations=34 (full 4):
 PSYoungGen      total 351744K, used 5729K [0x00000000e0000000, 0x00000000f6e80000, 0x0000000100000000)
  eden space 328704K, 0% used [0x00000000e0000000,0x00000000e0000000,0x00000000f4100000)
  from space 23040K, 24% used [0x00000000f5700000,0x00000000f5c98568,0x00000000f6d80000)
  to   space 22528K, 0% used [0x00000000f4100000,0x00000000f4100000,0x00000000f5700000)
 ParOldGen       total 189440K, used 81847K [0x00000000a0000000, 0x00000000ab900000, 0x00000000e0000000)
  object space 189440K, 43% used [0x00000000a0000000,0x00000000a4fedde0,0x00000000ab900000)
 Metaspace       used 95523K, capacity 100591K, committed 100940K, reserved 1136640K
  class space    used 12507K, capacity 13516K, committed 13696K, reserved 1048576K
}
Event: 598.712 GC heap before
{Heap before GC invocations=35 (full 4):
 PSYoungGen      total 351744K, used 334433K [0x00000000e0000000, 0x00000000f6e80000, 0x0000000100000000)
  eden space 328704K, 100% used [0x00000000e0000000,0x00000000f4100000,0x00000000f4100000)
  from space 23040K, 24% used [0x00000000f5700000,0x00000000f5c98568,0x00000000f6d80000)
  to   space 22528K, 0% used [0x00000000f4100000,0x00000000f4100000,0x00000000f5700000)
 ParOldGen       total 189440K, used 81847K [0x00000000a0000000, 0x00000000ab900000, 0x00000000e0000000)
  object space 189440K, 43% used [0x00000000a0000000,0x00000000a4fedde0,0x00000000ab900000)
 Metaspace       used 95551K, capacity 100605K, committed 100940K, reserved 1136640K
  class space    used 12507K, capacity 13517K, committed 13696K, reserved 1048576K
Event: 598.775 GC heap after
Heap after GC invocations=35 (full 4):
 PSYoungGen      total 351232K, used 5323K [0x00000000e0000000, 0x00000000f6e80000, 0x0000000100000000)
  eden space 328704K, 0% used [0x00000000e0000000,0x00000000e0000000,0x00000000f4100000)
  from space 22528K, 23% used [0x00000000f4100000,0x00000000f4632cb0,0x00000000f5700000)
  to   space 23040K, 0% used [0x00000000f5700000,0x00000000f5700000,0x00000000f6d80000)
 ParOldGen       total 189440K, used 84075K [0x00000000a0000000, 0x00000000ab900000, 0x00000000e0000000)
  object space 189440K, 44% used [0x00000000a0000000,0x00000000a521ad00,0x00000000ab900000)
 Metaspace       used 95551K, capacity 100605K, committed 100940K, reserved 1136640K
  class space    used 12507K, capacity 13517K, committed 13696K, reserved 1048576K
}
Event: 601.193 GC heap before
{Heap before GC invocations=36 (full 4):
 PSYoungGen      total 351232K, used 334027K [0x00000000e0000000, 0x00000000f6e80000, 0x0000000100000000)
  eden space 328704K, 100% used [0x00000000e0000000,0x00000000f4100000,0x00000000f4100000)
  from space 22528K, 23% used [0x00000000f4100000,0x00000000f4632cb0,0x00000000f5700000)
  to   space 23040K, 0% used [0x00000000f5700000,0x00000000f5700000,0x00000000f6d80000)
 ParOldGen       total 189440K, used 84075K [0x00000000a0000000, 0x00000000ab900000, 0x00000000e0000000)
  object space 189440K, 44% used [0x00000000a0000000,0x00000000a521ad00,0x00000000ab900000)
 Metaspace       used 95588K, capacity 100617K, committed 100940K, reserved 1136640K
  class space    used 12508K, capacity 13519K, committed 13696K, reserved 1048576K
Event: 601.229 GC heap after
Heap after GC invocations=36 (full 4):
 PSYoungGen      total 351744K, used 6243K [0x00000000e0000000, 0x00000000f6e80000, 0x0000000100000000)
  eden space 328704K, 0% used [0x00000000e0000000,0x00000000e0000000,0x00000000f4100000)
  from space 23040K, 27% used [0x00000000f5700000,0x00000000f5d18ce8,0x00000000f6d80000)
  to   space 22528K, 0% used [0x00000000f4100000,0x00000000f4100000,0x00000000f5700000)
 ParOldGen       total 189440K, used 86048K [0x00000000a0000000, 0x00000000ab900000, 0x00000000e0000000)
  object space 189440K, 45% used [0x00000000a0000000,0x00000000a5408098,0x00000000ab900000)
 Metaspace       used 95588K, capacity 100617K, committed 100940K, reserved 1136640K
  class space    used 12508K, capacity 13519K, committed 13696K, reserved 1048576K
}

Deoptimization events (10 events):
Event: 595.451 Thread 0x000000002036a000 Uncommon trap: reason=class_check action=maybe_recompile pc=0x00000000044464c0 method=com.android.tools.r8.ir.conversion.m.a(ILjava/util/List;Lcom/android/tools/r8/t/a/a/a/h/W0;)Lcom/android/tools/r8/ir/conversion/m; @ 10
Event: 595.460 Thread 0x000000002036a000 Uncommon trap: reason=unstable_if action=reinterpret pc=0x0000000005eff7c8 method=com.android.tools.r8.ir.optimize.r.a(Lcom/android/tools/r8/s/b/X;Lcom/android/tools/r8/utils/n1;)V @ 252
Event: 599.444 Thread 0x0000000020362800 Uncommon trap: reason=unstable_if action=reinterpret pc=0x00000000063105b0 method=com.android.tools.r8.ir.regalloc.a.a(Lcom/android/tools/r8/ir/regalloc/a$a;Z)Lcom/android/tools/r8/ir/regalloc/a$a; @ 2282
Event: 601.180 Thread 0x000000002036a000 Uncommon trap: reason=unstable_if action=reinterpret pc=0x0000000005618e70 method=com.android.tools.r8.z.a.a.f.a(II[C)Ljava/lang/String; @ 32
Event: 601.180 Thread 0x000000002036a000 Uncommon trap: reason=unstable_if action=reinterpret pc=0x0000000004945dc0 method=com.android.tools.r8.graph.i0.a(C)I @ 7
Event: 601.180 Thread 0x000000002036a000 Uncommon trap: reason=unstable_if action=reinterpret pc=0x0000000004f5efc0 method=com.android.tools.r8.graph.i0.a(C[BI)I @ 7
Event: 601.239 Thread 0x000000002036a000 Uncommon trap: reason=unstable_if action=reinterpret pc=0x00000000049cd2f4 method=com.android.tools.r8.z.a.a.f.a(II[C)Ljava/lang/String; @ 32
Event: 601.254 Thread 0x0000000020362800 Uncommon trap: reason=unstable_if action=reinterpret pc=0x0000000005b5079c method=com.android.tools.r8.ir.conversion.o.a(Lcom/android/tools/r8/ir/conversion/N;IIZ)V @ 245
Event: 601.439 Thread 0x000000002036a000 Uncommon trap: reason=unstable_if action=reinterpret pc=0x0000000005d9d994 method=com.android.tools.r8.graph.i0.a([C)I @ 44
Event: 601.749 Thread 0x000000002036a000 Uncommon trap: reason=unstable_if action=reinterpret pc=0x0000000006465834 method=com.android.tools.r8.ir.optimize.a0.a(Lcom/android/tools/r8/s/b/X;Lcom/android/tools/r8/ir/regalloc/e;I)V @ 665

Classes redefined (0 events):
No events

Internal exceptions (10 events):
Event: 600.093 Thread 0x0000000020362800 Exception <a 'sun/nio/fs/WindowsException'> (0x00000000ef2fe848) thrown at [C:\src\AOSP-openjdk-git\hotspot\src\share\vm\prims\jni.cpp, line 710]
Event: 600.265 Thread 0x0000000020364000 Exception <a 'sun/nio/fs/WindowsException'> (0x00000000ef5e5890) thrown at [C:\src\AOSP-openjdk-git\hotspot\src\share\vm\prims\jni.cpp, line 710]
Event: 600.291 Thread 0x0000000020367000 Exception <a 'sun/nio/fs/WindowsException'> (0x00000000ea735048) thrown at [C:\src\AOSP-openjdk-git\hotspot\src\share\vm\prims\jni.cpp, line 710]
Event: 600.673 Thread 0x0000000020367000 Exception <a 'sun/nio/fs/WindowsException'> (0x00000000f25fd0b0) thrown at [C:\src\AOSP-openjdk-git\hotspot\src\share\vm\prims\jni.cpp, line 710]
Event: 600.790 Thread 0x0000000020364000 Exception <a 'sun/nio/fs/WindowsException'> (0x00000000f30f9150) thrown at [C:\src\AOSP-openjdk-git\hotspot\src\share\vm\prims\jni.cpp, line 710]
Event: 601.123 Thread 0x000000002036a000 Exception <a 'sun/nio/fs/WindowsException'> (0x00000000f3b5f708) thrown at [C:\src\AOSP-openjdk-git\hotspot\src\share\vm\prims\jni.cpp, line 710]
Event: 601.244 Thread 0x0000000020362800 Exception <a 'sun/nio/fs/WindowsException'> (0x00000000e0167ac0) thrown at [C:\src\AOSP-openjdk-git\hotspot\src\share\vm\prims\jni.cpp, line 710]
Event: 601.267 Thread 0x0000000020362800 Exception <a 'sun/nio/fs/WindowsException'> (0x00000000e092f628) thrown at [C:\src\AOSP-openjdk-git\hotspot\src\share\vm\prims\jni.cpp, line 710]
Event: 601.270 Thread 0x0000000020364000 Exception <a 'sun/nio/fs/WindowsException'> (0x00000000e007e910) thrown at [C:\src\AOSP-openjdk-git\hotspot\src\share\vm\prims\jni.cpp, line 710]
Event: 601.693 Thread 0x0000000020364000 Exception <a 'sun/nio/fs/WindowsException'> (0x00000000e38df720) thrown at [C:\src\AOSP-openjdk-git\hotspot\src\share\vm\prims\jni.cpp, line 710]

Events (10 events):
Event: 601.739 Thread 0x000000002036a000 DEOPT UNPACKING pc=0x00000000031e75d0 sp=0x000000001f729dc8 mode 0
Event: 601.749 Thread 0x000000002036a000 Uncommon trap: trap_request=0xffffff65 fr.pc=0x0000000006465834
Event: 601.749 Thread 0x000000002036a000 DEOPT PACKING pc=0x0000000006465834 sp=0x000000001f729df0
Event: 601.749 Thread 0x000000002036a000 DEOPT UNPACKING pc=0x00000000031e557b sp=0x000000001f729e48 mode 2
Event: 601.799 Thread 0x000000002036a000 DEOPT PACKING pc=0x0000000005ad49e9 sp=0x000000001f729d10
Event: 601.799 Thread 0x000000002036a000 DEOPT UNPACKING pc=0x00000000031e75d0 sp=0x000000001f729c18 mode 0
Event: 601.810 Thread 0x000000002036a000 DEOPT PACKING pc=0x0000000005a28e66 sp=0x000000001f729990
Event: 601.810 Thread 0x000000002036a000 DEOPT UNPACKING pc=0x00000000031e75d0 sp=0x000000001f729850 mode 0
Event: 601.845 Thread 0x000000002036a000 DEOPT PACKING pc=0x00000000056b9815 sp=0x000000001f729f80
Event: 601.845 Thread 0x000000002036a000 DEOPT UNPACKING pc=0x00000000031e75d0 sp=0x000000001f729dc8 mode 0


Dynamic libraries:
0x00007ff713e20000 - 0x00007ff713e51000 	C:\Program Files\Android\Android Studio\jre\bin\java.exe
0x00007ff8edb00000 - 0x00007ff8edcf0000 	C:\WINDOWS\SYSTEM32\ntdll.dll
0x00007ff8eda00000 - 0x00007ff8edab2000 	C:\WINDOWS\System32\KERNEL32.DLL
0x00007ff8eb270000 - 0x00007ff8eb515000 	C:\WINDOWS\System32\KERNELBASE.dll
0x00007ff8ec340000 - 0x00007ff8ec3e3000 	C:\WINDOWS\System32\ADVAPI32.dll
0x00007ff8ecf30000 - 0x00007ff8ecfce000 	C:\WINDOWS\System32\msvcrt.dll
0x00007ff8ed960000 - 0x00007ff8ed9f7000 	C:\WINDOWS\System32\sechost.dll
0x00007ff8ed700000 - 0x00007ff8ed81f000 	C:\WINDOWS\System32\RPCRT4.dll
0x00007ff8ecb20000 - 0x00007ff8eccb4000 	C:\WINDOWS\System32\USER32.dll
0x00007ff8eb6c0000 - 0x00007ff8eb6e1000 	C:\WINDOWS\System32\win32u.dll
0x00007ff8ed130000 - 0x00007ff8ed156000 	C:\WINDOWS\System32\GDI32.dll
0x00007ff8eb520000 - 0x00007ff8eb6b8000 	C:\WINDOWS\System32\gdi32full.dll
0x00007ff8ebb00000 - 0x00007ff8ebb9e000 	C:\WINDOWS\System32\msvcp_win.dll
0x00007ff8eb760000 - 0x00007ff8eb85a000 	C:\WINDOWS\System32\ucrtbase.dll
0x00007ff8dd020000 - 0x00007ff8dd2a4000 	C:\WINDOWS\WinSxS\amd64_microsoft.windows.common-controls_6595b64144ccf1df_6.0.18362.1556_none_9e7e372fe45e41d5\COMCTL32.dll
0x00007ff8ed3c0000 - 0x00007ff8ed6f6000 	C:\WINDOWS\System32\combase.dll
0x00007ff8eb860000 - 0x00007ff8eb8e1000 	C:\WINDOWS\System32\bcryptPrimitives.dll
0x00007ff8ec3f0000 - 0x00007ff8ec41e000 	C:\WINDOWS\System32\IMM32.DLL
0x00000000506f0000 - 0x00000000507c2000 	C:\Program Files\Android\Android Studio\jre\jre\bin\msvcr100.dll
0x00000000746c0000 - 0x0000000074f0b000 	C:\Program Files\Android\Android Studio\jre\jre\bin\server\jvm.dll
0x00007ff8ec330000 - 0x00007ff8ec338000 	C:\WINDOWS\System32\PSAPI.DLL
0x00007ff8dbc30000 - 0x00007ff8dbc54000 	C:\WINDOWS\SYSTEM32\WINMM.dll
0x00007ff8e6410000 - 0x00007ff8e641a000 	C:\WINDOWS\SYSTEM32\VERSION.dll
0x00007ff8dcf70000 - 0x00007ff8dcf9d000 	C:\WINDOWS\SYSTEM32\winmmbase.dll
0x00007ff8eb6f0000 - 0x00007ff8eb73a000 	C:\WINDOWS\System32\cfgmgr32.dll
0x00007ff8dfcc0000 - 0x00007ff8dfcc9000 	C:\WINDOWS\SYSTEM32\WSOCK32.dll
0x00007ff8ecab0000 - 0x00007ff8ecb1f000 	C:\WINDOWS\System32\WS2_32.dll
0x00007ff8d6910000 - 0x00007ff8d691f000 	C:\Program Files\Android\Android Studio\jre\jre\bin\verify.dll
0x00007ff8c9de0000 - 0x00007ff8c9e09000 	C:\Program Files\Android\Android Studio\jre\jre\bin\java.dll
0x00007ff8c9dc0000 - 0x00007ff8c9dd6000 	C:\Program Files\Android\Android Studio\jre\jre\bin\zip.dll
0x00007ff8ebc30000 - 0x00007ff8ec317000 	C:\WINDOWS\System32\SHELL32.dll
0x00007ff8ed160000 - 0x00007ff8ed208000 	C:\WINDOWS\System32\shcore.dll
0x00007ff8eaaf0000 - 0x00007ff8eb26b000 	C:\WINDOWS\System32\windows.storage.dll
0x00007ff8eaab0000 - 0x00007ff8eaace000 	C:\WINDOWS\System32\profapi.dll
0x00007ff8eaa40000 - 0x00007ff8eaa8a000 	C:\WINDOWS\System32\powrprof.dll
0x00007ff8eaa30000 - 0x00007ff8eaa40000 	C:\WINDOWS\System32\UMPDC.dll
0x00007ff8eced0000 - 0x00007ff8ecf22000 	C:\WINDOWS\System32\shlwapi.dll
0x00007ff8eaa90000 - 0x00007ff8eaaa1000 	C:\WINDOWS\System32\kernel.appcore.dll
0x00007ff8eb740000 - 0x00007ff8eb757000 	C:\WINDOWS\System32\cryptsp.dll
0x00007ff8c8760000 - 0x00007ff8c877a000 	C:\Program Files\Android\Android Studio\jre\jre\bin\net.dll
0x00007ff8ea210000 - 0x00007ff8ea277000 	C:\WINDOWS\system32\mswsock.dll
0x00007ff8c5f60000 - 0x00007ff8c5f73000 	C:\Program Files\Android\Android Studio\jre\jre\bin\nio.dll
0x00007ff8e1810000 - 0x00007ff8e1837000 	C:\Users\List\.gradle\native\f6784746aeab05261644944871eae4fe03e0ef1612fff0a4a95f87b438bc6780\windows-amd64\native-platform.dll
0x00007ff8d5fe0000 - 0x00007ff8d5fed000 	C:\Program Files\Android\Android Studio\jre\jre\bin\management.dll
0x00007ff8e9d90000 - 0x00007ff8e9dc3000 	C:\WINDOWS\system32\rsaenh.dll
0x00007ff8ebc00000 - 0x00007ff8ebc26000 	C:\WINDOWS\System32\bcrypt.dll
0x00007ff8ea950000 - 0x00007ff8ea975000 	C:\WINDOWS\SYSTEM32\USERENV.dll
0x00007ff8ea3e0000 - 0x00007ff8ea3ec000 	C:\WINDOWS\SYSTEM32\CRYPTBASE.dll
0x00007ff8e9f20000 - 0x00007ff8e9f5a000 	C:\WINDOWS\SYSTEM32\IPHLPAPI.DLL
0x00007ff8ec320000 - 0x00007ff8ec328000 	C:\WINDOWS\System32\NSI.dll
0x00007ff8e48c0000 - 0x00007ff8e48d6000 	C:\WINDOWS\SYSTEM32\dhcpcsvc6.DLL
0x00007ff8e57c0000 - 0x00007ff8e57dc000 	C:\WINDOWS\SYSTEM32\dhcpcsvc.DLL
0x00007ff8e9f70000 - 0x00007ff8ea03b000 	C:\WINDOWS\SYSTEM32\DNSAPI.dll
0x00007ff8e5700000 - 0x00007ff8e570b000 	C:\WINDOWS\SYSTEM32\WINNSI.DLL
0x00007ff8e9ae0000 - 0x00007ff8e9b11000 	C:\WINDOWS\SYSTEM32\ntmarta.dll

VM Arguments:
jvm_args: -Xmx1536m -Dfile.encoding=windows-1252 -Duser.country=US -Duser.language=en -Duser.variant 
java_command: org.gradle.launcher.daemon.bootstrap.GradleDaemon 6.5
java_class_path (initial): C:\Users\List\.gradle\wrapper\dists\gradle-6.5-bin\6nifqtx7604sqp1q6g8wikw7p\gradle-6.5\lib\gradle-launcher-6.5.jar
Launcher Type: SUN_STANDARD

Environment Variables:
JAVA_HOME=C:\Program Files (x86)\Java\jdk1.7.0_55
CLASSPATH=C:\Users\List\Desktop\apache-tomcat-6\webapps\;D:\Apache6_new\lib\ojdbc6.jar;
PATH=C:\Program Files\MySQL\MySQL Server 5.5\bin;C:\oraclexe\app\oracle\product\11.2.0\server\bin;C:\ProgramData\Oracle\Java\javapath;D:\DevSuiteHome_1\jdk\jre\bin\classic;D:\DevSuiteHome_1\jdk\jre\bin;D:\DevSuiteHome_1\jdk\jre\bin\client;D:\DevSuiteHome_1\jlib;D:\DevSuiteHome_1\bin;D:\DevSuiteHome_1\jre\1.4.2\bin\client;D:\DevSuiteHome_1\jre\1.4.2\bin;D:\orant\bin;C:\Program Files (x86)\Intel\iCLS Client\;C:\Program Files\Intel\iCLS Client\;C:\WINDOWS\system32;C:\WINDOWS;C:\WINDOWS\System32\Wbem;C:\WINDOWS\System32\WindowsPowerShell\v1.0\;C:\Program Files (x86)\Intel\Intel(R) Management Engine Components\DAL;C:\Program Files\Intel\Intel(R) Management Engine Components\DAL;C:\Program Files (x86)\Intel\Intel(R) Management Engine Components\IPT;C:\Program Files\Intel\Intel(R) Management Engine Components\IPT;D:\orant\jdk\bin;C:\Program Files (x86)\Java\jdk1.7.0_55;C:\Program Files\nodejs\;C:\Program Files\Java\jdk-12.0.1\bin;F:\MAHESHPATIL\Setup\flutter\bin;C:\Program Files\Git\cmd;C:\Program Files\Git\cmd\;C:\Program Files\TortoiseSVN\bin;C:\WINDOWS\System32\OpenSSH\;C:\Users\List\AppData\Roaming\npm;F:\MAHESHPATIL\Setup\flutter\bin;C:\Users\List\AppData\Local\Programs\Microsoft VS Code\bin;C:\Users\List\AppData\Local\GitHubDesktop\bin;C:\Program Files\TortoiseSVN\bin;%USERPROFILE%\AppData\Local\Microsoft\WindowsApps;
USERNAME=List
OS=Windows_NT
PROCESSOR_IDENTIFIER=Intel64 Family 6 Model 94 Stepping 3, GenuineIntel



---------------  S Y S T E M  ---------------

OS: Windows 10.0 , 64 bit Build 18362 (10.0.18362.1500)

CPU:total 4 (initial active 4) (2 cores per cpu, 2 threads per core) family 6 model 94 stepping 3, cmov, cx8, fxsr, mmx, sse, sse2, sse3, ssse3, sse4.1, sse4.2, popcnt, avx, avx2, aes, clmul, erms, 3dnowpref, lzcnt, ht, tsc, tscinvbit, bmi1, bmi2, adx

Memory: 4k page, physical 8251988k(338224k free), swap 18491988k(1648k free)

vm_info: OpenJDK 64-Bit Server VM (25.242-b01) for windows-amd64 JRE (1.8.0_242-release-1644-b01), built by "builder" with MS VC++ 10.0 (VS2010)

time: Thu May 27 11:10:56 2021
timezone: India Standard Time
elapsed time: 602 seconds (0d 0h 10m 2s)

